[ 2016-03-04T14:45:17+08:00 ] ::1 /CM-CLUB/index.php/Home/Index/checkLogin
ERR: 非法操作:checkLogin

[ 2016-03-04T14:47:50+08:00 ] ::1 /CM-CLUB/index.php/Home/checkLogin
ERR: 无法加载控制器:CheckLogin

[ 2016-03-04T14:47:58+08:00 ] ::1 /CM-CLUB/index.php/Home/Index/checkLogin
ERR: 非法操作:checkLogin

[ 2016-03-04T14:58:30+08:00 ] ::1 /CM-CLUB/index.php/Home/checkLogin
ERR: 无法加载控制器:CheckLogin

[ 2016-03-04T14:58:38+08:00 ] ::1 /CM-CLUB/index.php/Home/User/check
INFO: [ app_begin ] --START--
INFO: Run Behavior\ReadHtmlCacheBehavior [ RunTime:0.001000s ]
INFO: [ app_begin ] --END-- [ RunTime:0.036002s ]
INFO: [ app_end ] --START--
INFO: Run Behavior\ShowPageTraceBehavior [ RunTime:0.011000s ]
INFO: [ app_end ] --END-- [ RunTime:0.011000s ]
NOTIC: [8] A session had already been started - ignoring session_start() D:\XAMPP\htdocs\CM-CLUB\index.php 第 25 行.

[ 2016-03-04T15:02:18+08:00 ] ::1 /CM-CLUB/index.php/Home/User/check
INFO: [ app_begin ] --START--
INFO: Run Behavior\ReadHtmlCacheBehavior [ RunTime:0.002000s ]
INFO: [ app_begin ] --END-- [ RunTime:0.002000s ]
INFO: [ app_end ] --START--
INFO: Run Behavior\ShowPageTraceBehavior [ RunTime:0.001000s ]
INFO: [ app_end ] --END-- [ RunTime:0.001000s ]
NOTIC: [8] A session had already been started - ignoring session_start() D:\XAMPP\htdocs\CM-CLUB\index.php 第 25 行.

[ 2016-03-04T15:03:13+08:00 ] ::1 /CM-CLUB/index.php/Home/User/check
INFO: [ app_begin ] --START--
INFO: Run Behavior\ReadHtmlCacheBehavior [ RunTime:0.002001s ]
INFO: [ app_begin ] --END-- [ RunTime:0.004001s ]
INFO: [ app_end ] --START--
INFO: Run Behavior\ShowPageTraceBehavior [ RunTime:0.001000s ]
INFO: [ app_end ] --END-- [ RunTime:0.001000s ]
NOTIC: [8] A session had already been started - ignoring session_start() D:\XAMPP\htdocs\CM-CLUB\index.php 第 25 行.

[ 2016-03-04T15:03:55+08:00 ] ::1 /CM-CLUB/index.php/Home/User/check
INFO: [ app_begin ] --START--
INFO: Run Behavior\ReadHtmlCacheBehavior [ RunTime:0.001000s ]
INFO: [ app_begin ] --END-- [ RunTime:0.002000s ]
INFO: [ app_end ] --START--
INFO: Run Behavior\ShowPageTraceBehavior [ RunTime:0.002000s ]
INFO: [ app_end ] --END-- [ RunTime:0.002000s ]
NOTIC: [8] A session had already been started - ignoring session_start() D:\XAMPP\htdocs\CM-CLUB\index.php 第 25 行.

[ 2016-03-04T15:09:56+08:00 ] ::1 /CM-CLUB/index.php/Home/User/check
INFO: [ app_begin ] --START--
INFO: Run Behavior\ReadHtmlCacheBehavior [ RunTime:0.003000s ]
INFO: [ app_begin ] --END-- [ RunTime:0.004001s ]
INFO: [ app_end ] --START--
INFO: Run Behavior\ShowPageTraceBehavior [ RunTime:0.002000s ]
INFO: [ app_end ] --END-- [ RunTime:0.003000s ]
NOTIC: [8] A session had already been started - ignoring session_start() D:\XAMPP\htdocs\CM-CLUB\index.php 第 25 行.

[ 2016-03-04T15:14:52+08:00 ] ::1 /CM-CLUB/index.php/Home/User/check
INFO: [ app_begin ] --START--
INFO: Run Behavior\ReadHtmlCacheBehavior [ RunTime:0.002000s ]
INFO: [ app_begin ] --END-- [ RunTime:0.003000s ]
INFO: [ app_end ] --START--
INFO: Run Behavior\ShowPageTraceBehavior [ RunTime:0.001000s ]
INFO: [ app_end ] --END-- [ RunTime:0.002000s ]
NOTIC: [8] A session had already been started - ignoring session_start() D:\XAMPP\htdocs\CM-CLUB\index.php 第 25 行.

[ 2016-03-04T16:34:51+08:00 ] ::1 /CM-CLUB/index.php/Home/Message/getMessage
INFO: [ app_begin ] --START--
INFO: Run Behavior\ReadHtmlCacheBehavior [ RunTime:0.002001s ]
INFO: [ app_begin ] --END-- [ RunTime:0.003001s ]
SQL: SHOW COLUMNS FROM `message` [ RunTime:0.0070s ]
SQL: SHOW COLUMNS FROM `message` [ RunTime:0.0080s ]
SQL: SELECT * FROM `message` ORDER BY time desc  [ RunTime:0.0010s ]
NOTIC: [8] Undefined offset: 5 D:\XAMPP\htdocs\CM-CLUB\CM-CLUB\Home\Model\MessageModel.class.php 第 32 行.

[ 2016-03-04T16:35:10+08:00 ] ::1 /CM-CLUB/index.php/Home/Message/getMessage
INFO: [ app_begin ] --START--
INFO: Run Behavior\ReadHtmlCacheBehavior [ RunTime:0.002000s ]
INFO: [ app_begin ] --END-- [ RunTime:0.004000s ]
SQL: SHOW COLUMNS FROM `message` [ RunTime:0.0090s ]
SQL: SHOW COLUMNS FROM `message` [ RunTime:0.0080s ]
SQL: SELECT * FROM `message` ORDER BY time desc  [ RunTime:0.0010s ]
NOTIC: [8] Undefined offset: 5 D:\XAMPP\htdocs\CM-CLUB\CM-CLUB\Home\Model\MessageModel.class.php 第 32 行.

[ 2016-03-04T16:53:48+08:00 ] ::1 /CM-CLUB/index.php/Home/User/check
INFO: [ app_begin ] --START--
INFO: Run Behavior\ReadHtmlCacheBehavior [ RunTime:0.001000s ]
INFO: [ app_begin ] --END-- [ RunTime:0.003000s ]
INFO: [ app_end ] --START--
INFO: Run Behavior\ShowPageTraceBehavior [ RunTime:0.002000s ]
INFO: [ app_end ] --END-- [ RunTime:0.002000s ]
NOTIC: [8] A session had already been started - ignoring session_start() D:\XAMPP\htdocs\CM-CLUB\index.php 第 25 行.

[ 2016-03-04T16:54:13+08:00 ] ::1 /CM-CLUB/index.php/Home/User/check
INFO: [ app_begin ] --START--
INFO: Run Behavior\ReadHtmlCacheBehavior [ RunTime:0.005000s ]
INFO: [ app_begin ] --END-- [ RunTime:0.006000s ]
INFO: [ app_end ] --START--
INFO: Run Behavior\ShowPageTraceBehavior [ RunTime:0.002001s ]
INFO: [ app_end ] --END-- [ RunTime:0.003001s ]
NOTIC: [8] A session had already been started - ignoring session_start() D:\XAMPP\htdocs\CM-CLUB\index.php 第 25 行.

