[ 2016-03-09T18:58:43+08:00 ] ::1 /CM-CLUB/index.php/Home/User/check
INFO: [ app_begin ] --START--
INFO: Run Behavior\ReadHtmlCacheBehavior [ RunTime:0.013001s ]
INFO: [ app_begin ] --END-- [ RunTime:0.015001s ]
INFO: [ app_end ] --START--
INFO: Run Behavior\ShowPageTraceBehavior [ RunTime:0.002000s ]
INFO: [ app_end ] --END-- [ RunTime:0.002000s ]
NOTIC: [8] A session had already been started - ignoring session_start() D:\XAMPP\htdocs\CM-CLUB\index.php 第 25 行.

[ 2016-03-09T19:00:01+08:00 ] ::1 /CM-CLUB/index.php/Home/User/check
INFO: [ app_begin ] --START--
INFO: Run Behavior\ReadHtmlCacheBehavior [ RunTime:0.002000s ]
INFO: [ app_begin ] --END-- [ RunTime:0.003000s ]
INFO: [ app_end ] --START--
INFO: Run Behavior\ShowPageTraceBehavior [ RunTime:0.004000s ]
INFO: [ app_end ] --END-- [ RunTime:0.004000s ]
NOTIC: [8] A session had already been started - ignoring session_start() D:\XAMPP\htdocs\CM-CLUB\index.php 第 25 行.

[ 2016-03-09T19:00:17+08:00 ] ::1 /CM-CLUB/index.php/Home/User/check
INFO: [ app_begin ] --START--
INFO: Run Behavior\ReadHtmlCacheBehavior [ RunTime:0.002000s ]
INFO: [ app_begin ] --END-- [ RunTime:0.003000s ]
INFO: [ app_end ] --START--
INFO: Run Behavior\ShowPageTraceBehavior [ RunTime:0.007001s ]
INFO: [ app_end ] --END-- [ RunTime:0.007001s ]
NOTIC: [8] A session had already been started - ignoring session_start() D:\XAMPP\htdocs\CM-CLUB\index.php 第 25 行.

[ 2016-03-09T19:00:48+08:00 ] ::1 /CM-CLUB/index.php/Home/User/check
INFO: [ app_begin ] --START--
INFO: Run Behavior\ReadHtmlCacheBehavior [ RunTime:0.003000s ]
INFO: [ app_begin ] --END-- [ RunTime:0.004000s ]
INFO: [ app_end ] --START--
INFO: Run Behavior\ShowPageTraceBehavior [ RunTime:0.002000s ]
INFO: [ app_end ] --END-- [ RunTime:0.002000s ]
NOTIC: [8] A session had already been started - ignoring session_start() D:\XAMPP\htdocs\CM-CLUB\index.php 第 25 行.

[ 2016-03-09T19:01:48+08:00 ] ::1 /CM-CLUB/index.php/Home/User/check
INFO: [ app_begin ] --START--
INFO: Run Behavior\ReadHtmlCacheBehavior [ RunTime:0.011001s ]
INFO: [ app_begin ] --END-- [ RunTime:0.013001s ]
INFO: [ app_end ] --START--
INFO: Run Behavior\ShowPageTraceBehavior [ RunTime:0.010001s ]
INFO: [ app_end ] --END-- [ RunTime:0.010001s ]
NOTIC: [8] A session had already been started - ignoring session_start() D:\XAMPP\htdocs\CM-CLUB\index.php 第 25 行.

[ 2016-03-09T19:03:30+08:00 ] ::1 /CM-CLUB/index.php/Home/User/check
INFO: [ app_begin ] --START--
INFO: Run Behavior\ReadHtmlCacheBehavior [ RunTime:0.002000s ]
INFO: [ app_begin ] --END-- [ RunTime:0.003000s ]
INFO: [ app_end ] --START--
INFO: Run Behavior\ShowPageTraceBehavior [ RunTime:0.002000s ]
INFO: [ app_end ] --END-- [ RunTime:0.002000s ]
NOTIC: [8] A session had already been started - ignoring session_start() D:\XAMPP\htdocs\CM-CLUB\index.php 第 25 行.

[ 2016-03-09T19:04:26+08:00 ] ::1 /CM-CLUB/index.php/Home/User/check
INFO: [ app_begin ] --START--
INFO: Run Behavior\ReadHtmlCacheBehavior [ RunTime:0.002000s ]
INFO: [ app_begin ] --END-- [ RunTime:0.003000s ]
INFO: [ app_end ] --START--
INFO: Run Behavior\ShowPageTraceBehavior [ RunTime:0.002000s ]
INFO: [ app_end ] --END-- [ RunTime:0.003000s ]
NOTIC: [8] A session had already been started - ignoring session_start() D:\XAMPP\htdocs\CM-CLUB\index.php 第 25 行.

[ 2016-03-09T19:05:49+08:00 ] ::1 /CM-CLUB/index.php/Home/User/check
INFO: [ app_begin ] --START--
INFO: Run Behavior\ReadHtmlCacheBehavior [ RunTime:0.003000s ]
INFO: [ app_begin ] --END-- [ RunTime:0.004000s ]
INFO: [ app_end ] --START--
INFO: Run Behavior\ShowPageTraceBehavior [ RunTime:0.003001s ]
INFO: [ app_end ] --END-- [ RunTime:0.004001s ]
NOTIC: [8] A session had already been started - ignoring session_start() D:\XAMPP\htdocs\CM-CLUB\index.php 第 25 行.

[ 2016-03-09T19:06:10+08:00 ] ::1 /CM-CLUB/index.php/Home/User/check
INFO: [ app_begin ] --START--
INFO: Run Behavior\ReadHtmlCacheBehavior [ RunTime:0.003000s ]
INFO: [ app_begin ] --END-- [ RunTime:0.004000s ]
INFO: [ app_end ] --START--
INFO: Run Behavior\ShowPageTraceBehavior [ RunTime:0.003000s ]
INFO: [ app_end ] --END-- [ RunTime:0.003000s ]
NOTIC: [8] A session had already been started - ignoring session_start() D:\XAMPP\htdocs\CM-CLUB\index.php 第 25 行.

[ 2016-03-09T19:06:33+08:00 ] ::1 /CM-CLUB/index.php/Home/User/check
INFO: [ app_begin ] --START--
INFO: Run Behavior\ReadHtmlCacheBehavior [ RunTime:0.002000s ]
INFO: [ app_begin ] --END-- [ RunTime:0.004000s ]
INFO: [ app_end ] --START--
INFO: Run Behavior\ShowPageTraceBehavior [ RunTime:0.002001s ]
INFO: [ app_end ] --END-- [ RunTime:0.002001s ]
NOTIC: [8] A session had already been started - ignoring session_start() D:\XAMPP\htdocs\CM-CLUB\index.php 第 25 行.

[ 2016-03-09T19:07:24+08:00 ] ::1 /CM-CLUB/index.php/Home/User/check
INFO: [ app_begin ] --START--
INFO: Run Behavior\ReadHtmlCacheBehavior [ RunTime:0.004000s ]
INFO: [ app_begin ] --END-- [ RunTime:0.005000s ]
INFO: [ app_end ] --START--
INFO: Run Behavior\ShowPageTraceBehavior [ RunTime:0.002000s ]
INFO: [ app_end ] --END-- [ RunTime:0.002000s ]
NOTIC: [8] A session had already been started - ignoring session_start() D:\XAMPP\htdocs\CM-CLUB\index.php 第 25 行.

[ 2016-03-09T19:11:08+08:00 ] ::1 /CM-CLUB/index.php/Home/User/check
INFO: [ app_begin ] --START--
INFO: Run Behavior\ReadHtmlCacheBehavior [ RunTime:0.001000s ]
INFO: [ app_begin ] --END-- [ RunTime:0.003000s ]
INFO: [ app_end ] --START--
INFO: Run Behavior\ShowPageTraceBehavior [ RunTime:0.001000s ]
INFO: [ app_end ] --END-- [ RunTime:0.001000s ]
NOTIC: [8] A session had already been started - ignoring session_start() D:\XAMPP\htdocs\CM-CLUB\index.php 第 25 行.

[ 2016-03-09T19:12:45+08:00 ] ::1 /CM-CLUB/index.php/Home/User/check
INFO: [ app_begin ] --START--
INFO: Run Behavior\ReadHtmlCacheBehavior [ RunTime:0.002000s ]
INFO: [ app_begin ] --END-- [ RunTime:0.003000s ]
INFO: [ app_end ] --START--
INFO: Run Behavior\ShowPageTraceBehavior [ RunTime:0.002001s ]
INFO: [ app_end ] --END-- [ RunTime:0.002001s ]
NOTIC: [8] A session had already been started - ignoring session_start() D:\XAMPP\htdocs\CM-CLUB\index.php 第 25 行.

[ 2016-03-09T19:13:36+08:00 ] ::1 /CM-CLUB/index.php/Home/User/check
INFO: [ app_begin ] --START--
INFO: Run Behavior\ReadHtmlCacheBehavior [ RunTime:0.003000s ]
INFO: [ app_begin ] --END-- [ RunTime:0.004000s ]
INFO: [ app_end ] --START--
INFO: Run Behavior\ShowPageTraceBehavior [ RunTime:0.002000s ]
INFO: [ app_end ] --END-- [ RunTime:0.002000s ]
NOTIC: [8] A session had already been started - ignoring session_start() D:\XAMPP\htdocs\CM-CLUB\index.php 第 25 行.

[ 2016-03-09T19:14:41+08:00 ] ::1 /CM-CLUB/index.php/Home/User/check
INFO: [ app_begin ] --START--
INFO: Run Behavior\ReadHtmlCacheBehavior [ RunTime:0.002000s ]
INFO: [ app_begin ] --END-- [ RunTime:0.003000s ]
INFO: [ app_end ] --START--
INFO: Run Behavior\ShowPageTraceBehavior [ RunTime:0.002000s ]
INFO: [ app_end ] --END-- [ RunTime:0.002000s ]
NOTIC: [8] A session had already been started - ignoring session_start() D:\XAMPP\htdocs\CM-CLUB\index.php 第 25 行.

[ 2016-03-09T19:24:57+08:00 ] ::1 /CM-CLUB/index.php/Home/User/check
INFO: [ app_begin ] --START--
INFO: Run Behavior\ReadHtmlCacheBehavior [ RunTime:0.003000s ]
INFO: [ app_begin ] --END-- [ RunTime:0.004001s ]
INFO: [ app_end ] --START--
INFO: Run Behavior\ShowPageTraceBehavior [ RunTime:0.001000s ]
INFO: [ app_end ] --END-- [ RunTime:0.002000s ]
NOTIC: [8] A session had already been started - ignoring session_start() D:\XAMPP\htdocs\CM-CLUB\index.php 第 25 行.

[ 2016-03-09T19:28:30+08:00 ] ::1 /CM-CLUB/index.php/Home/User/check
INFO: [ app_begin ] --START--
INFO: Run Behavior\ReadHtmlCacheBehavior [ RunTime:0.003000s ]
INFO: [ app_begin ] --END-- [ RunTime:0.003000s ]
INFO: [ app_end ] --START--
INFO: Run Behavior\ShowPageTraceBehavior [ RunTime:0.003001s ]
INFO: [ app_end ] --END-- [ RunTime:0.003001s ]
NOTIC: [8] A session had already been started - ignoring session_start() D:\XAMPP\htdocs\CM-CLUB\index.php 第 25 行.

[ 2016-03-09T19:29:56+08:00 ] ::1 /CM-CLUB/index.php/Home/User/check
INFO: [ app_begin ] --START--
INFO: Run Behavior\ReadHtmlCacheBehavior [ RunTime:0.003000s ]
INFO: [ app_begin ] --END-- [ RunTime:0.006000s ]
INFO: [ app_end ] --START--
INFO: Run Behavior\ShowPageTraceBehavior [ RunTime:0.002000s ]
INFO: [ app_end ] --END-- [ RunTime:0.003000s ]
NOTIC: [8] A session had already been started - ignoring session_start() D:\XAMPP\htdocs\CM-CLUB\index.php 第 25 行.

[ 2016-03-09T19:39:08+08:00 ] ::1 /CM-CLUB/index.php/Home/User/check
INFO: [ app_begin ] --START--
INFO: Run Behavior\ReadHtmlCacheBehavior [ RunTime:0.002000s ]
INFO: [ app_begin ] --END-- [ RunTime:0.004000s ]
INFO: [ app_end ] --START--
INFO: Run Behavior\ShowPageTraceBehavior [ RunTime:0.002000s ]
INFO: [ app_end ] --END-- [ RunTime:0.002000s ]
NOTIC: [8] A session had already been started - ignoring session_start() D:\XAMPP\htdocs\CM-CLUB\index.php 第 25 行.

[ 2016-03-09T19:39:28+08:00 ] ::1 /CM-CLUB/index.php/Home/Message/getMessage
INFO: [ app_begin ] --START--
INFO: Run Behavior\ReadHtmlCacheBehavior [ RunTime:0.002000s ]
INFO: [ app_begin ] --END-- [ RunTime:0.005000s ]
SQL: SHOW COLUMNS FROM `message` [ RunTime:0.0150s ]
SQL: SHOW COLUMNS FROM `message` [ RunTime:0.0060s ]
SQL: SELECT * FROM `message` ORDER BY time desc  [ RunTime:0.0010s ]
NOTIC: [8] Undefined offset: 5 D:\XAMPP\htdocs\CM-CLUB\CM-CLUB\Home\Model\MessageModel.class.php 第 32 行.

[ 2016-03-09T19:39:50+08:00 ] ::1 /CM-CLUB/index.php/Home/Message/getMessage
INFO: [ app_begin ] --START--
INFO: Run Behavior\ReadHtmlCacheBehavior [ RunTime:0.004000s ]
INFO: [ app_begin ] --END-- [ RunTime:0.005000s ]
SQL: SHOW COLUMNS FROM `message` [ RunTime:0.0050s ]
SQL: SHOW COLUMNS FROM `message` [ RunTime:0.0070s ]
SQL: SELECT * FROM `message` ORDER BY time desc  [ RunTime:0.0000s ]
NOTIC: [8] Undefined offset: 5 D:\XAMPP\htdocs\CM-CLUB\CM-CLUB\Home\Model\MessageModel.class.php 第 32 行.

[ 2016-03-09T20:09:30+08:00 ] ::1 /CM-CLUB/index.php/Home/Club
ERR: 模板不存在:./CM-CLUB/Home/View/Club/club.html

[ 2016-03-09T20:40:54+08:00 ] ::1 /CM-CLUB/index.php/Home/Club
ERR: 1146:Table 'cm_club.user_clu,user' doesn't exist
 [ SQL语句 ] : SHOW COLUMNS FROM `user_clu,user`

[ 2016-03-09T20:41:49+08:00 ] ::1 /CM-CLUB/index.php/Home/Club
ERR: 1146:Table 'cm_club.user_clu,user' doesn't exist
 [ SQL语句 ] : SHOW COLUMNS FROM `user_clu,user`

[ 2016-03-09T21:00:55+08:00 ] ::1 /CM-CLUB/index.php/Home/Club
ERR: 1064:You have an error in your SQL syntax; check the manual that corresponds to your MySQL server version for the right syntax to use near '[club_id] )' at line 1
 [ SQL语句 ] : SELECT * FROM `user_clu` INNER JOIN user on user.user_id=user_clu.user_id  WHERE ( user_clu.club_id=Array[club_id] ) 

[ 2016-03-09T21:01:53+08:00 ] ::1 /CM-CLUB/index.php/Home/Club
ERR: 1064:You have an error in your SQL syntax; check the manual that corresponds to your MySQL server version for the right syntax to use near '[club_id] )' at line 1
 [ SQL语句 ] : SELECT * FROM `user_clu` INNER JOIN user on user.user_id=user_clu.user_id  WHERE ( user_clu.club_id=Array[club_id] ) 

[ 2016-03-09T21:10:04+08:00 ] ::1 /CM-CLUB/index.php/Home/User/check
INFO: [ app_begin ] --START--
INFO: Run Behavior\ReadHtmlCacheBehavior [ RunTime:0.002000s ]
INFO: [ app_begin ] --END-- [ RunTime:0.003000s ]
INFO: [ app_end ] --START--
INFO: Run Behavior\ShowPageTraceBehavior [ RunTime:0.002000s ]
INFO: [ app_end ] --END-- [ RunTime:0.002000s ]
NOTIC: [8] A session had already been started - ignoring session_start() D:\XAMPP\htdocs\CM-CLUB\index.php 第 25 行.

[ 2016-03-09T21:22:30+08:00 ] ::1 /CM-CLUB/index.php/Home/Message/getMessage
INFO: [ app_begin ] --START--
INFO: Run Behavior\ReadHtmlCacheBehavior [ RunTime:0.002000s ]
INFO: [ app_begin ] --END-- [ RunTime:0.003000s ]
SQL: SHOW COLUMNS FROM `message` [ RunTime:0.0680s ]
SQL: SHOW COLUMNS FROM `message` [ RunTime:0.0110s ]
SQL: SELECT * FROM `message` ORDER BY time desc  [ RunTime:0.0010s ]
NOTIC: [8] Undefined offset: 5 D:\XAMPP\htdocs\CM-CLUB\CM-CLUB\Home\Model\MessageModel.class.php 第 32 行.

[ 2016-03-09T21:25:23+08:00 ] ::1 /CM-CLUB/index.php/Home/Index/linkTo/aim/Home/Club/
ERR: 模板不存在:./CM-CLUB/Home/View/Index/Home.html

[ 2016-03-09T21:26:56+08:00 ] ::1 /CM-CLUB/index.php/Home/Home/Club
ERR: 无法加载控制器:Home

[ 2016-03-09T21:27:20+08:00 ] ::1 /CM-CLUB/index.php/Home/Home/Club/
ERR: 无法加载控制器:Home

[ 2016-03-09T21:30:00+08:00 ] ::1 /CM-CLUB/index.php/Home/Message/getMessage
INFO: [ app_begin ] --START--
INFO: Run Behavior\ReadHtmlCacheBehavior [ RunTime:0.003000s ]
INFO: [ app_begin ] --END-- [ RunTime:0.005000s ]
SQL: SHOW COLUMNS FROM `message` [ RunTime:0.0060s ]
SQL: SHOW COLUMNS FROM `message` [ RunTime:0.0060s ]
SQL: SELECT * FROM `message` ORDER BY time desc  [ RunTime:0.0010s ]
NOTIC: [8] Undefined offset: 5 D:\XAMPP\htdocs\CM-CLUB\CM-CLUB\Home\Model\MessageModel.class.php 第 32 行.

[ 2016-03-09T21:30:51+08:00 ] ::1 /CM-CLUB/index.php/Home/Message/getMessage
INFO: [ app_begin ] --START--
INFO: Run Behavior\ReadHtmlCacheBehavior [ RunTime:0.003000s ]
INFO: [ app_begin ] --END-- [ RunTime:0.004000s ]
SQL: SHOW COLUMNS FROM `message` [ RunTime:0.0060s ]
SQL: SHOW COLUMNS FROM `message` [ RunTime:0.0040s ]
SQL: SELECT * FROM `message` ORDER BY time desc  [ RunTime:0.0000s ]
NOTIC: [8] Undefined offset: 5 D:\XAMPP\htdocs\CM-CLUB\CM-CLUB\Home\Model\MessageModel.class.php 第 32 行.

[ 2016-03-09T21:31:04+08:00 ] ::1 /CM-CLUB/index.php/Home/Message/getMessage
INFO: [ app_begin ] --START--
INFO: Run Behavior\ReadHtmlCacheBehavior [ RunTime:0.002001s ]
INFO: [ app_begin ] --END-- [ RunTime:0.003001s ]
SQL: SHOW COLUMNS FROM `message` [ RunTime:0.0050s ]
SQL: SHOW COLUMNS FROM `message` [ RunTime:0.0110s ]
SQL: SELECT * FROM `message` ORDER BY time desc  [ RunTime:0.0010s ]
NOTIC: [8] Undefined offset: 5 D:\XAMPP\htdocs\CM-CLUB\CM-CLUB\Home\Model\MessageModel.class.php 第 32 行.

[ 2016-03-09T21:31:52+08:00 ] ::1 /CM-CLUB/index.php/Home/Message/getMessage
INFO: [ app_begin ] --START--
INFO: Run Behavior\ReadHtmlCacheBehavior [ RunTime:0.002000s ]
INFO: [ app_begin ] --END-- [ RunTime:0.003000s ]
SQL: SHOW COLUMNS FROM `message` [ RunTime:0.0070s ]
SQL: SHOW COLUMNS FROM `message` [ RunTime:0.0070s ]
SQL: SELECT * FROM `message` ORDER BY time desc  [ RunTime:0.0010s ]
NOTIC: [8] Undefined offset: 5 D:\XAMPP\htdocs\CM-CLUB\CM-CLUB\Home\Model\MessageModel.class.php 第 32 行.

[ 2016-03-09T21:32:58+08:00 ] ::1 /CM-CLUB/index.php/Home/Activity
ERR: 模板不存在:./CM-CLUB/Home/View/Activity/activity.html

[ 2016-03-09T21:33:42+08:00 ] ::1 /CM-CLUB/index.php/Home/Club/Message
ERR: 非法操作:Message

[ 2016-03-09T21:33:56+08:00 ] ::1 /CM-CLUB/index.php/Home/Club/Message
ERR: 非法操作:Message

[ 2016-03-09T21:34:10+08:00 ] ::1 /CM-CLUB/index.php/Home/Club/Activity
ERR: 非法操作:Activity

[ 2016-03-09T21:36:45+08:00 ] ::1 /CM-CLUB/index.php/Home/Club/Message
ERR: 非法操作:Message

[ 2016-03-09T21:36:51+08:00 ] ::1 /CM-CLUB/index.php/Home/Club/Activity
ERR: 非法操作:Activity

[ 2016-03-09T21:37:27+08:00 ] ::1 /CM-CLUB/index.php/Home/Message/getMessage
INFO: [ app_begin ] --START--
INFO: Run Behavior\ReadHtmlCacheBehavior [ RunTime:0.001000s ]
INFO: [ app_begin ] --END-- [ RunTime:0.002000s ]
SQL: SHOW COLUMNS FROM `message` [ RunTime:0.0100s ]
SQL: SHOW COLUMNS FROM `message` [ RunTime:0.0080s ]
SQL: SELECT * FROM `message` ORDER BY time desc  [ RunTime:0.0000s ]
NOTIC: [8] Undefined offset: 5 D:\XAMPP\htdocs\CM-CLUB\CM-CLUB\Home\Model\MessageModel.class.php 第 32 行.

[ 2016-03-09T21:37:42+08:00 ] ::1 /CM-CLUB/index.php/Home/Message/getMessage
INFO: [ app_begin ] --START--
INFO: Run Behavior\ReadHtmlCacheBehavior [ RunTime:0.002000s ]
INFO: [ app_begin ] --END-- [ RunTime:0.004000s ]
SQL: SHOW COLUMNS FROM `message` [ RunTime:0.0070s ]
SQL: SHOW COLUMNS FROM `message` [ RunTime:0.0070s ]
SQL: SELECT * FROM `message` ORDER BY time desc  [ RunTime:0.0010s ]
NOTIC: [8] Undefined offset: 5 D:\XAMPP\htdocs\CM-CLUB\CM-CLUB\Home\Model\MessageModel.class.php 第 32 行.

[ 2016-03-09T21:37:52+08:00 ] ::1 /CM-CLUB/index.php/Home/Message/getMessage
INFO: [ app_begin ] --START--
INFO: Run Behavior\ReadHtmlCacheBehavior [ RunTime:0.001000s ]
INFO: [ app_begin ] --END-- [ RunTime:0.001000s ]
SQL: SHOW COLUMNS FROM `message` [ RunTime:0.0090s ]
SQL: SHOW COLUMNS FROM `message` [ RunTime:0.0070s ]
SQL: SELECT * FROM `message` ORDER BY time desc  [ RunTime:0.0010s ]
NOTIC: [8] Undefined offset: 5 D:\XAMPP\htdocs\CM-CLUB\CM-CLUB\Home\Model\MessageModel.class.php 第 32 行.

[ 2016-03-09T21:38:24+08:00 ] ::1 /CM-CLUB/index.php/Home/Message/getMessage
INFO: [ app_begin ] --START--
INFO: Run Behavior\ReadHtmlCacheBehavior [ RunTime:0.004000s ]
INFO: [ app_begin ] --END-- [ RunTime:0.005001s ]
SQL: SHOW COLUMNS FROM `message` [ RunTime:0.0070s ]
SQL: SHOW COLUMNS FROM `message` [ RunTime:0.0100s ]
SQL: SELECT * FROM `message` ORDER BY time desc  [ RunTime:0.0020s ]
NOTIC: [8] Undefined offset: 5 D:\XAMPP\htdocs\CM-CLUB\CM-CLUB\Home\Model\MessageModel.class.php 第 32 行.

