[ 2016-03-03T15:10:58+08:00 ] ::1 /CM-CLUB/index.php/Home/Message/getMessage
INFO: [ app_begin ] --START--
INFO: Run Behavior\ReadHtmlCacheBehavior [ RunTime:0.001000s ]
INFO: [ app_begin ] --END-- [ RunTime:0.002000s ]
SQL: SHOW COLUMNS FROM `message` [ RunTime:0.0600s ]
SQL: SHOW COLUMNS FROM `message` [ RunTime:0.0070s ]
SQL: SELECT * FROM `message` ORDER BY time desc  [ RunTime:0.0010s ]
NOTIC: [8] Undefined offset: 5 D:\XAMPP\htdocs\CM-CLUB\CM-CLUB\Home\Model\MessageModel.class.php 第 32 行.

[ 2016-03-03T15:11:05+08:00 ] ::1 /CM-CLUB/index.php/Home/Message/getMessage
INFO: [ app_begin ] --START--
INFO: Run Behavior\ReadHtmlCacheBehavior [ RunTime:0.001000s ]
INFO: [ app_begin ] --END-- [ RunTime:0.002000s ]
SQL: SHOW COLUMNS FROM `message` [ RunTime:0.0360s ]
SQL: SHOW COLUMNS FROM `message` [ RunTime:0.0250s ]
SQL: SELECT * FROM `message` ORDER BY time desc  [ RunTime:0.0010s ]
NOTIC: [8] Undefined offset: 5 D:\XAMPP\htdocs\CM-CLUB\CM-CLUB\Home\Model\MessageModel.class.php 第 32 行.

[ 2016-03-03T15:13:49+08:00 ] ::1 /CM-CLUB/index.php/Home/Message/getMessage
INFO: [ app_begin ] --START--
INFO: Run Behavior\ReadHtmlCacheBehavior [ RunTime:0.003001s ]
INFO: [ app_begin ] --END-- [ RunTime:0.005001s ]
SQL: SHOW COLUMNS FROM `message` [ RunTime:0.0080s ]
SQL: SHOW COLUMNS FROM `message` [ RunTime:0.0070s ]
SQL: SELECT * FROM `message` ORDER BY time desc  [ RunTime:0.0010s ]
NOTIC: [8] Undefined offset: 5 D:\XAMPP\htdocs\CM-CLUB\CM-CLUB\Home\Model\MessageModel.class.php 第 32 行.

[ 2016-03-03T15:14:01+08:00 ] ::1 /CM-CLUB/index.php/Home/Message/getMessage
INFO: [ app_begin ] --START--
INFO: Run Behavior\ReadHtmlCacheBehavior [ RunTime:0.002000s ]
INFO: [ app_begin ] --END-- [ RunTime:0.003000s ]
SQL: SHOW COLUMNS FROM `message` [ RunTime:0.0080s ]
SQL: SHOW COLUMNS FROM `message` [ RunTime:0.0090s ]
SQL: SELECT * FROM `message` ORDER BY time desc  [ RunTime:0.0010s ]
NOTIC: [8] Undefined offset: 5 D:\XAMPP\htdocs\CM-CLUB\CM-CLUB\Home\Model\MessageModel.class.php 第 32 行.

[ 2016-03-03T15:14:19+08:00 ] ::1 /CM-CLUB/index.php/Home/Message/getMessage
INFO: [ app_begin ] --START--
INFO: Run Behavior\ReadHtmlCacheBehavior [ RunTime:0.001000s ]
INFO: [ app_begin ] --END-- [ RunTime:0.002000s ]
SQL: SHOW COLUMNS FROM `message` [ RunTime:0.0070s ]
SQL: SHOW COLUMNS FROM `message` [ RunTime:0.0060s ]
SQL: SELECT * FROM `message` ORDER BY time desc  [ RunTime:0.0010s ]
NOTIC: [8] Undefined offset: 5 D:\XAMPP\htdocs\CM-CLUB\CM-CLUB\Home\Model\MessageModel.class.php 第 32 行.

[ 2016-03-03T15:14:36+08:00 ] ::1 /CM-CLUB/index.php/Home/Message/getMessage
INFO: [ app_begin ] --START--
INFO: Run Behavior\ReadHtmlCacheBehavior [ RunTime:0.001000s ]
INFO: [ app_begin ] --END-- [ RunTime:0.002000s ]
SQL: SHOW COLUMNS FROM `message` [ RunTime:0.0080s ]
SQL: SHOW COLUMNS FROM `message` [ RunTime:0.0080s ]
SQL: SELECT * FROM `message` ORDER BY time desc  [ RunTime:0.0010s ]
NOTIC: [8] Undefined offset: 5 D:\XAMPP\htdocs\CM-CLUB\CM-CLUB\Home\Model\MessageModel.class.php 第 32 行.

[ 2016-03-03T15:15:07+08:00 ] ::1 /CM-CLUB/index.php/Home/Message/getMessage
INFO: [ app_begin ] --START--
INFO: Run Behavior\ReadHtmlCacheBehavior [ RunTime:0.002000s ]
INFO: [ app_begin ] --END-- [ RunTime:0.002000s ]
SQL: SHOW COLUMNS FROM `message` [ RunTime:0.0080s ]
SQL: SHOW COLUMNS FROM `message` [ RunTime:0.0080s ]
SQL: SELECT * FROM `message` ORDER BY time desc  [ RunTime:0.0010s ]
NOTIC: [8] Undefined offset: 5 D:\XAMPP\htdocs\CM-CLUB\CM-CLUB\Home\Model\MessageModel.class.php 第 32 行.

[ 2016-03-03T19:39:44+08:00 ] ::1 /CM-CLUB/index.php/Home/Club/create
ERR: 非法操作:create

