[ 2016-01-30T10:54:02+08:00 ] ::1 /CM-CLUB/index.php/Home/Index/Home/Index/linkTo/aim/message
ERR: 非法操作:Home

[ 2016-01-30T10:54:33+08:00 ] ::1 /CM-CLUB/index.php/Home/Index/Home/Index/linkTo/aim/message
ERR: 非法操作:Home

[ 2016-01-30T10:54:46+08:00 ] ::1 /CM-CLUB/index.php/Home/Index/Home/Index/linkTo/aim/message
ERR: 非法操作:Home

[ 2016-01-30T10:55:11+08:00 ] ::1 /CM-CLUB/index.php/Home/Index/linkTo/aim/Home/Index/testFelix
ERR: 模板不存在:./CM-CLUB/Home/View/Index/Home.html

[ 2016-01-30T10:57:44+08:00 ] ::1 /CM-CLUB/index.php/Home/Index/linkTo/aim/Home/Index/testFelix
ERR: 模板不存在:./CM-CLUB/Home/View/Index/Home.html

[ 2016-01-30T10:57:53+08:00 ] ::1 /CM-CLUB/index.php/Home/Index/linkTo/aim/Home/Index/testFelix
ERR: 模板不存在:./CM-CLUB/Home/View/Index/Home.html

[ 2016-01-30T10:59:29+08:00 ] ::1 /CM-CLUB/index.php/Home/Index/linkTo/aim/Home/Message/newMessage
ERR: 模板不存在:./CM-CLUB/Home/View/Index/Home.html

[ 2016-01-30T11:00:18+08:00 ] ::1 /CM-CLUB/index.php/Home/Message/newMessage
ERR: 1054:Unknown column 'content' in 'field list'
 [ SQL语句 ] : INSERT INTO `user` (`user_id`,`username`,`content`) VALUES (NULL,'alex','&lt;p&gt;&lt;b&gt;原谅我一生放荡不羁爱吐槽&lt;/b&gt;&lt;br&gt;&lt;/p&gt;')

[ 2016-01-30T11:01:10+08:00 ] ::1 /CM-CLUB/index.php/Home/Message/newMessage
ERR: 1048:Column 'user_id' cannot be null
 [ SQL语句 ] : INSERT INTO `message` (`user_id`,`username`,`content`) VALUES (NULL,'alex','&lt;p&gt;&lt;b&gt;原谅我一生放荡不羁爱吐槽&lt;/b&gt;&lt;br&gt;&lt;/p&gt;')

[ 2016-01-30T12:34:52+08:00 ] ::1 /CM-CLUB/index.php/Home/Message/getMessage
INFO: [ app_begin ] --START--
INFO: Run Behavior\ReadHtmlCacheBehavior [ RunTime:0.002000s ]
INFO: [ app_begin ] --END-- [ RunTime:0.003001s ]
SQL: SHOW COLUMNS FROM `message` [ RunTime:0.0110s ]
SQL: SHOW COLUMNS FROM `message` [ RunTime:0.0090s ]
SQL: SELECT * FROM `message`  [ RunTime:0.0010s ]
INFO: [ app_end ] --START--
INFO: Run Behavior\ShowPageTraceBehavior [ RunTime:0.003000s ]
INFO: [ app_end ] --END-- [ RunTime:0.003000s ]
NOTIC: [8] A session had already been started - ignoring session_start() D:\XAMPP\htdocs\CM-CLUB\index.php 第 25 行.

[ 2016-01-30T12:35:28+08:00 ] ::1 /CM-CLUB/index.php/Home/Message/getMessage
INFO: [ app_begin ] --START--
INFO: Run Behavior\ReadHtmlCacheBehavior [ RunTime:0.002000s ]
INFO: [ app_begin ] --END-- [ RunTime:0.003000s ]
SQL: SHOW COLUMNS FROM `message` [ RunTime:0.0140s ]
SQL: SHOW COLUMNS FROM `message` [ RunTime:0.0170s ]
SQL: SELECT * FROM `message`  [ RunTime:0.0020s ]
INFO: [ app_end ] --START--
INFO: Run Behavior\ShowPageTraceBehavior [ RunTime:0.002000s ]
INFO: [ app_end ] --END-- [ RunTime:0.002000s ]
NOTIC: [8] A session had already been started - ignoring session_start() D:\XAMPP\htdocs\CM-CLUB\index.php 第 25 行.

[ 2016-01-30T12:35:46+08:00 ] ::1 /CM-CLUB/index.php/Home/Message/getMessage
INFO: [ app_begin ] --START--
INFO: Run Behavior\ReadHtmlCacheBehavior [ RunTime:0.001000s ]
INFO: [ app_begin ] --END-- [ RunTime:0.002000s ]
SQL: SHOW COLUMNS FROM `message` [ RunTime:0.0060s ]
SQL: SHOW COLUMNS FROM `message` [ RunTime:0.0100s ]
SQL: SELECT * FROM `message`  [ RunTime:0.0010s ]
INFO: [ app_end ] --START--
INFO: Run Behavior\ShowPageTraceBehavior [ RunTime:0.002000s ]
INFO: [ app_end ] --END-- [ RunTime:0.002000s ]
NOTIC: [8] A session had already been started - ignoring session_start() D:\XAMPP\htdocs\CM-CLUB\index.php 第 25 行.

[ 2016-01-30T12:36:20+08:00 ] ::1 /CM-CLUB/index.php/Home/Message/getMessage
INFO: [ app_begin ] --START--
INFO: Run Behavior\ReadHtmlCacheBehavior [ RunTime:0.002000s ]
INFO: [ app_begin ] --END-- [ RunTime:0.003000s ]
SQL: SHOW COLUMNS FROM `message` [ RunTime:0.0060s ]
SQL: SHOW COLUMNS FROM `message` [ RunTime:0.0080s ]
SQL: SELECT * FROM `message`  [ RunTime:0.0010s ]
INFO: [ app_end ] --START--
INFO: Run Behavior\ShowPageTraceBehavior [ RunTime:0.003000s ]
INFO: [ app_end ] --END-- [ RunTime:0.004000s ]
NOTIC: [8] A session had already been started - ignoring session_start() D:\XAMPP\htdocs\CM-CLUB\index.php 第 25 行.

[ 2016-01-30T12:38:35+08:00 ] ::1 /CM-CLUB/index.php/Home/Message/getMessage
INFO: [ app_begin ] --START--
INFO: Run Behavior\ReadHtmlCacheBehavior [ RunTime:0.019001s ]
INFO: [ app_begin ] --END-- [ RunTime:0.020001s ]
SQL: SHOW COLUMNS FROM `message` [ RunTime:0.0050s ]
SQL: SHOW COLUMNS FROM `message` [ RunTime:0.0050s ]
SQL: SELECT * FROM `message`  [ RunTime:0.0000s ]
INFO: [ app_end ] --START--
INFO: Run Behavior\ShowPageTraceBehavior [ RunTime:0.001001s ]
INFO: [ app_end ] --END-- [ RunTime:0.002001s ]
NOTIC: [8] A session had already been started - ignoring session_start() D:\XAMPP\htdocs\CM-CLUB\index.php 第 25 行.

[ 2016-01-30T12:39:25+08:00 ] ::1 /CM-CLUB/index.php/Home/Message/getMessage
INFO: [ app_begin ] --START--
INFO: Run Behavior\ReadHtmlCacheBehavior [ RunTime:0.002000s ]
INFO: [ app_begin ] --END-- [ RunTime:0.003000s ]
SQL: SHOW COLUMNS FROM `message` [ RunTime:0.0070s ]
SQL: SHOW COLUMNS FROM `message` [ RunTime:0.0060s ]
SQL: SELECT * FROM `message`  [ RunTime:0.0000s ]
INFO: [ app_end ] --START--
INFO: Run Behavior\ShowPageTraceBehavior [ RunTime:0.001000s ]
INFO: [ app_end ] --END-- [ RunTime:0.002000s ]
NOTIC: [8] A session had already been started - ignoring session_start() D:\XAMPP\htdocs\CM-CLUB\index.php 第 25 行.

[ 2016-01-30T12:39:41+08:00 ] ::1 /CM-CLUB/index.php/Home/Message/getMessage
INFO: [ app_begin ] --START--
INFO: Run Behavior\ReadHtmlCacheBehavior [ RunTime:0.001000s ]
INFO: [ app_begin ] --END-- [ RunTime:0.002000s ]
SQL: SHOW COLUMNS FROM `message` [ RunTime:0.0060s ]
SQL: SHOW COLUMNS FROM `message` [ RunTime:0.0060s ]
SQL: SELECT * FROM `message`  [ RunTime:0.0010s ]
INFO: [ app_end ] --START--
INFO: Run Behavior\ShowPageTraceBehavior [ RunTime:0.001000s ]
INFO: [ app_end ] --END-- [ RunTime:0.001000s ]
NOTIC: [8] A session had already been started - ignoring session_start() D:\XAMPP\htdocs\CM-CLUB\index.php 第 25 行.

[ 2016-01-30T12:39:46+08:00 ] ::1 /CM-CLUB/index.php/Home/Message/getMessage
INFO: [ app_begin ] --START--
INFO: Run Behavior\ReadHtmlCacheBehavior [ RunTime:0.002000s ]
INFO: [ app_begin ] --END-- [ RunTime:0.003000s ]
SQL: SHOW COLUMNS FROM `message` [ RunTime:0.0080s ]
SQL: SHOW COLUMNS FROM `message` [ RunTime:0.0070s ]
SQL: SELECT * FROM `message`  [ RunTime:0.0010s ]
INFO: [ app_end ] --START--
INFO: Run Behavior\ShowPageTraceBehavior [ RunTime:0.002000s ]
INFO: [ app_end ] --END-- [ RunTime:0.002000s ]
NOTIC: [8] A session had already been started - ignoring session_start() D:\XAMPP\htdocs\CM-CLUB\index.php 第 25 行.

[ 2016-01-30T12:40:38+08:00 ] ::1 /CM-CLUB/index.php/Home/Message/getMessage
INFO: [ app_begin ] --START--
INFO: Run Behavior\ReadHtmlCacheBehavior [ RunTime:0.010000s ]
INFO: [ app_begin ] --END-- [ RunTime:0.010000s ]
SQL: SHOW COLUMNS FROM `message` [ RunTime:0.0060s ]
SQL: SHOW COLUMNS FROM `message` [ RunTime:0.0080s ]
SQL: SELECT * FROM `message`  [ RunTime:0.0010s ]
INFO: [ app_end ] --START--
INFO: Run Behavior\ShowPageTraceBehavior [ RunTime:0.001000s ]
INFO: [ app_end ] --END-- [ RunTime:0.001000s ]
NOTIC: [8] A session had already been started - ignoring session_start() D:\XAMPP\htdocs\CM-CLUB\index.php 第 25 行.

[ 2016-01-30T12:40:57+08:00 ] ::1 /CM-CLUB/index.php/Home/Message/getMessage
INFO: [ app_begin ] --START--
INFO: Run Behavior\ReadHtmlCacheBehavior [ RunTime:0.001000s ]
INFO: [ app_begin ] --END-- [ RunTime:0.002000s ]
SQL: SHOW COLUMNS FROM `message` [ RunTime:0.0080s ]
SQL: SHOW COLUMNS FROM `message` [ RunTime:0.0070s ]
SQL: SELECT * FROM `message`  [ RunTime:0.0010s ]
INFO: [ app_end ] --START--
INFO: Run Behavior\ShowPageTraceBehavior [ RunTime:0.001000s ]
INFO: [ app_end ] --END-- [ RunTime:0.001000s ]
NOTIC: [8] A session had already been started - ignoring session_start() D:\XAMPP\htdocs\CM-CLUB\index.php 第 25 行.

[ 2016-01-30T12:42:01+08:00 ] ::1 /CM-CLUB/index.php/Home/Message/getMessage
INFO: [ app_begin ] --START--
INFO: Run Behavior\ReadHtmlCacheBehavior [ RunTime:0.001000s ]
INFO: [ app_begin ] --END-- [ RunTime:0.003001s ]
SQL: SHOW COLUMNS FROM `message` [ RunTime:0.0060s ]
SQL: SHOW COLUMNS FROM `message` [ RunTime:0.0070s ]
SQL: SELECT * FROM `message`  [ RunTime:0.0010s ]
INFO: [ app_end ] --START--
INFO: Run Behavior\ShowPageTraceBehavior [ RunTime:0.001000s ]
INFO: [ app_end ] --END-- [ RunTime:0.001000s ]
NOTIC: [8] A session had already been started - ignoring session_start() D:\XAMPP\htdocs\CM-CLUB\index.php 第 25 行.

[ 2016-01-30T12:42:39+08:00 ] ::1 /CM-CLUB/index.php/Home/Message/getMessage
INFO: [ app_begin ] --START--
INFO: Run Behavior\ReadHtmlCacheBehavior [ RunTime:0.002000s ]
INFO: [ app_begin ] --END-- [ RunTime:0.003000s ]
SQL: SHOW COLUMNS FROM `message` [ RunTime:0.0100s ]
SQL: SHOW COLUMNS FROM `message` [ RunTime:0.0080s ]
SQL: SELECT * FROM `message`  [ RunTime:0.0010s ]
INFO: [ app_end ] --START--
INFO: Run Behavior\ShowPageTraceBehavior [ RunTime:0.002001s ]
INFO: [ app_end ] --END-- [ RunTime:0.002001s ]
NOTIC: [8] A session had already been started - ignoring session_start() D:\XAMPP\htdocs\CM-CLUB\index.php 第 25 行.

[ 2016-01-30T12:43:03+08:00 ] ::1 /CM-CLUB/index.php/Home/Message/getMessage
INFO: [ app_begin ] --START--
INFO: Run Behavior\ReadHtmlCacheBehavior [ RunTime:0.001000s ]
INFO: [ app_begin ] --END-- [ RunTime:0.002000s ]
SQL: SHOW COLUMNS FROM `message` [ RunTime:0.0100s ]
SQL: SHOW COLUMNS FROM `message` [ RunTime:0.0070s ]
SQL: SELECT * FROM `message`  [ RunTime:0.0010s ]
INFO: [ app_end ] --START--
INFO: Run Behavior\ShowPageTraceBehavior [ RunTime:0.002001s ]
INFO: [ app_end ] --END-- [ RunTime:0.002001s ]
NOTIC: [8] A session had already been started - ignoring session_start() D:\XAMPP\htdocs\CM-CLUB\index.php 第 25 行.

[ 2016-01-30T12:43:45+08:00 ] ::1 /CM-CLUB/index.php/Home/Message/getMessage
INFO: [ app_begin ] --START--
INFO: Run Behavior\ReadHtmlCacheBehavior [ RunTime:0.002001s ]
INFO: [ app_begin ] --END-- [ RunTime:0.003001s ]
SQL: SHOW COLUMNS FROM `message` [ RunTime:0.0070s ]
SQL: SHOW COLUMNS FROM `message` [ RunTime:0.0070s ]
SQL: SELECT * FROM `message`  [ RunTime:0.0010s ]
INFO: [ app_end ] --START--
INFO: Run Behavior\ShowPageTraceBehavior [ RunTime:0.002000s ]
INFO: [ app_end ] --END-- [ RunTime:0.002000s ]
NOTIC: [8] A session had already been started - ignoring session_start() D:\XAMPP\htdocs\CM-CLUB\index.php 第 25 行.

[ 2016-01-30T12:45:46+08:00 ] ::1 /CM-CLUB/index.php/Home/Message/getMessage
INFO: [ app_begin ] --START--
INFO: Run Behavior\ReadHtmlCacheBehavior [ RunTime:0.002000s ]
INFO: [ app_begin ] --END-- [ RunTime:0.003000s ]
SQL: SHOW COLUMNS FROM `message` [ RunTime:0.0070s ]
SQL: SHOW COLUMNS FROM `message` [ RunTime:0.0070s ]
SQL: SELECT * FROM `message`  [ RunTime:0.0000s ]
INFO: [ app_end ] --START--
INFO: Run Behavior\ShowPageTraceBehavior [ RunTime:0.002000s ]
INFO: [ app_end ] --END-- [ RunTime:0.002000s ]
NOTIC: [8] A session had already been started - ignoring session_start() D:\XAMPP\htdocs\CM-CLUB\index.php 第 25 行.

[ 2016-01-30T12:45:50+08:00 ] ::1 /CM-CLUB/index.php/Home/Message/getMessage
INFO: [ app_begin ] --START--
INFO: Run Behavior\ReadHtmlCacheBehavior [ RunTime:0.002000s ]
INFO: [ app_begin ] --END-- [ RunTime:0.003000s ]
SQL: SHOW COLUMNS FROM `message` [ RunTime:0.0070s ]
SQL: SHOW COLUMNS FROM `message` [ RunTime:0.0060s ]
SQL: SELECT * FROM `message`  [ RunTime:0.0000s ]
INFO: [ app_end ] --START--
INFO: Run Behavior\ShowPageTraceBehavior [ RunTime:0.001000s ]
INFO: [ app_end ] --END-- [ RunTime:0.003000s ]
NOTIC: [8] A session had already been started - ignoring session_start() D:\XAMPP\htdocs\CM-CLUB\index.php 第 25 行.

[ 2016-01-30T12:46:03+08:00 ] ::1 /CM-CLUB/index.php/Home/Message/getMessage
INFO: [ app_begin ] --START--
INFO: Run Behavior\ReadHtmlCacheBehavior [ RunTime:0.002000s ]
INFO: [ app_begin ] --END-- [ RunTime:0.003000s ]
SQL: SHOW COLUMNS FROM `message` [ RunTime:0.0060s ]
SQL: SHOW COLUMNS FROM `message` [ RunTime:0.0050s ]
SQL: SELECT * FROM `message`  [ RunTime:0.0000s ]
INFO: [ app_end ] --START--
INFO: Run Behavior\ShowPageTraceBehavior [ RunTime:0.000000s ]
INFO: [ app_end ] --END-- [ RunTime:0.000000s ]
NOTIC: [8] A session had already been started - ignoring session_start() D:\XAMPP\htdocs\CM-CLUB\index.php 第 25 行.

[ 2016-01-30T12:46:10+08:00 ] ::1 /CM-CLUB/index.php/Home/Message/getMessage
INFO: [ app_begin ] --START--
INFO: Run Behavior\ReadHtmlCacheBehavior [ RunTime:0.003000s ]
INFO: [ app_begin ] --END-- [ RunTime:0.004000s ]
SQL: SHOW COLUMNS FROM `message` [ RunTime:0.0070s ]
SQL: SHOW COLUMNS FROM `message` [ RunTime:0.0130s ]
SQL: SELECT * FROM `message`  [ RunTime:0.0010s ]
INFO: [ app_end ] --START--
INFO: Run Behavior\ShowPageTraceBehavior [ RunTime:0.002001s ]
INFO: [ app_end ] --END-- [ RunTime:0.002001s ]
NOTIC: [8] A session had already been started - ignoring session_start() D:\XAMPP\htdocs\CM-CLUB\index.php 第 25 行.

[ 2016-01-30T12:46:37+08:00 ] ::1 /CM-CLUB/index.php/Home/Message/getMessage
INFO: [ app_begin ] --START--
INFO: Run Behavior\ReadHtmlCacheBehavior [ RunTime:0.001000s ]
INFO: [ app_begin ] --END-- [ RunTime:0.001000s ]
SQL: SHOW COLUMNS FROM `message` [ RunTime:0.0090s ]
SQL: SHOW COLUMNS FROM `message` [ RunTime:0.0080s ]
SQL: SELECT * FROM `message`  [ RunTime:0.0010s ]
INFO: [ app_end ] --START--
INFO: Run Behavior\ShowPageTraceBehavior [ RunTime:0.001000s ]
INFO: [ app_end ] --END-- [ RunTime:0.001000s ]
NOTIC: [8] A session had already been started - ignoring session_start() D:\XAMPP\htdocs\CM-CLUB\index.php 第 25 行.

[ 2016-01-30T12:46:50+08:00 ] ::1 /CM-CLUB/index.php/Home/Message/getMessage
INFO: [ app_begin ] --START--
INFO: Run Behavior\ReadHtmlCacheBehavior [ RunTime:0.002001s ]
INFO: [ app_begin ] --END-- [ RunTime:0.003001s ]
SQL: SHOW COLUMNS FROM `message` [ RunTime:0.0060s ]
SQL: SHOW COLUMNS FROM `message` [ RunTime:0.0080s ]
SQL: SELECT * FROM `message`  [ RunTime:0.0010s ]
INFO: [ app_end ] --START--
INFO: Run Behavior\ShowPageTraceBehavior [ RunTime:0.015001s ]
INFO: [ app_end ] --END-- [ RunTime:0.015001s ]
NOTIC: [8] A session had already been started - ignoring session_start() D:\XAMPP\htdocs\CM-CLUB\index.php 第 25 行.

[ 2016-01-30T12:47:21+08:00 ] ::1 /CM-CLUB/index.php/Home/Message/getMessage
INFO: [ app_begin ] --START--
INFO: Run Behavior\ReadHtmlCacheBehavior [ RunTime:0.002000s ]
INFO: [ app_begin ] --END-- [ RunTime:0.002000s ]
SQL: SHOW COLUMNS FROM `message` [ RunTime:0.0070s ]
SQL: SHOW COLUMNS FROM `message` [ RunTime:0.0070s ]
SQL: SELECT * FROM `message`  [ RunTime:0.0010s ]
INFO: [ app_end ] --START--
INFO: Run Behavior\ShowPageTraceBehavior [ RunTime:0.003000s ]
INFO: [ app_end ] --END-- [ RunTime:0.003000s ]
NOTIC: [8] A session had already been started - ignoring session_start() D:\XAMPP\htdocs\CM-CLUB\index.php 第 25 行.

[ 2016-01-30T12:47:34+08:00 ] ::1 /CM-CLUB/index.php/Home/Message/getMessage
INFO: [ app_begin ] --START--
INFO: Run Behavior\ReadHtmlCacheBehavior [ RunTime:0.001000s ]
INFO: [ app_begin ] --END-- [ RunTime:0.002000s ]
SQL: SHOW COLUMNS FROM `message` [ RunTime:0.0070s ]
SQL: SHOW COLUMNS FROM `message` [ RunTime:0.0060s ]
SQL: SELECT * FROM `message`  [ RunTime:0.0010s ]
INFO: [ app_end ] --START--
INFO: Run Behavior\ShowPageTraceBehavior [ RunTime:0.001000s ]
INFO: [ app_end ] --END-- [ RunTime:0.001000s ]
NOTIC: [8] A session had already been started - ignoring session_start() D:\XAMPP\htdocs\CM-CLUB\index.php 第 25 行.

[ 2016-01-30T12:49:51+08:00 ] ::1 /CM-CLUB/index.php/Home/Message/getMessage
INFO: [ app_begin ] --START--
INFO: Run Behavior\ReadHtmlCacheBehavior [ RunTime:0.002000s ]
INFO: [ app_begin ] --END-- [ RunTime:0.003000s ]
SQL: SHOW COLUMNS FROM `message` [ RunTime:0.0080s ]
SQL: SHOW COLUMNS FROM `message` [ RunTime:0.0080s ]
SQL: SELECT * FROM `message`  [ RunTime:0.0020s ]
INFO: [ app_end ] --START--
INFO: Run Behavior\ShowPageTraceBehavior [ RunTime:0.002000s ]
INFO: [ app_end ] --END-- [ RunTime:0.002000s ]
NOTIC: [8] A session had already been started - ignoring session_start() D:\XAMPP\htdocs\CM-CLUB\index.php 第 25 行.

[ 2016-01-30T12:52:02+08:00 ] ::1 /CM-CLUB/index.php/Home/Message/getMessage
INFO: [ app_begin ] --START--
INFO: Run Behavior\ReadHtmlCacheBehavior [ RunTime:0.002000s ]
INFO: [ app_begin ] --END-- [ RunTime:0.004000s ]
SQL: SHOW COLUMNS FROM `message` [ RunTime:0.0070s ]
SQL: SHOW COLUMNS FROM `message` [ RunTime:0.0080s ]
SQL: SELECT * FROM `message`  [ RunTime:0.0010s ]
INFO: [ app_end ] --START--
INFO: Run Behavior\ShowPageTraceBehavior [ RunTime:0.005001s ]
INFO: [ app_end ] --END-- [ RunTime:0.005001s ]
NOTIC: [8] A session had already been started - ignoring session_start() D:\XAMPP\htdocs\CM-CLUB\index.php 第 25 行.

[ 2016-01-30T12:52:05+08:00 ] ::1 /CM-CLUB/index.php/Home/Message/getMessage
INFO: [ app_begin ] --START--
INFO: Run Behavior\ReadHtmlCacheBehavior [ RunTime:0.001000s ]
INFO: [ app_begin ] --END-- [ RunTime:0.003000s ]
SQL: SHOW COLUMNS FROM `message` [ RunTime:0.0080s ]
SQL: SHOW COLUMNS FROM `message` [ RunTime:0.0070s ]
SQL: SELECT * FROM `message`  [ RunTime:0.0010s ]
INFO: [ app_end ] --START--
INFO: Run Behavior\ShowPageTraceBehavior [ RunTime:0.002000s ]
INFO: [ app_end ] --END-- [ RunTime:0.002000s ]
NOTIC: [8] A session had already been started - ignoring session_start() D:\XAMPP\htdocs\CM-CLUB\index.php 第 25 行.

[ 2016-01-30T12:52:18+08:00 ] ::1 /CM-CLUB/index.php/Home/Message/getMessage
INFO: [ app_begin ] --START--
INFO: Run Behavior\ReadHtmlCacheBehavior [ RunTime:0.001000s ]
INFO: [ app_begin ] --END-- [ RunTime:0.002000s ]
SQL: SHOW COLUMNS FROM `message` [ RunTime:0.0080s ]
SQL: SHOW COLUMNS FROM `message` [ RunTime:0.0090s ]
SQL: SELECT * FROM `message`  [ RunTime:0.0010s ]
INFO: [ app_end ] --START--
INFO: Run Behavior\ShowPageTraceBehavior [ RunTime:0.002000s ]
INFO: [ app_end ] --END-- [ RunTime:0.002000s ]
NOTIC: [8] A session had already been started - ignoring session_start() D:\XAMPP\htdocs\CM-CLUB\index.php 第 25 行.

[ 2016-01-30T13:01:03+08:00 ] ::1 /CM-CLUB/index.php/Home/Message/getMessage
INFO: [ app_begin ] --START--
INFO: Run Behavior\ReadHtmlCacheBehavior [ RunTime:0.002000s ]
INFO: [ app_begin ] --END-- [ RunTime:0.003000s ]
SQL: SHOW COLUMNS FROM `message` [ RunTime:0.0070s ]
SQL: SHOW COLUMNS FROM `message` [ RunTime:0.0050s ]
SQL: SELECT * FROM `message`  [ RunTime:0.0000s ]

[ 2016-01-30T13:09:53+08:00 ] ::1 /CM-CLUB/index.php/Home/Message/getMessage
INFO: [ app_begin ] --START--
INFO: Run Behavior\ReadHtmlCacheBehavior [ RunTime:0.001000s ]
INFO: [ app_begin ] --END-- [ RunTime:0.002000s ]
SQL: SHOW COLUMNS FROM `message` [ RunTime:0.0070s ]
SQL: SHOW COLUMNS FROM `message` [ RunTime:0.0090s ]
SQL: SELECT * FROM `message`  [ RunTime:0.0040s ]

[ 2016-01-30T13:10:48+08:00 ] ::1 /CM-CLUB/index.php/Home/Message/getMessage
INFO: [ app_begin ] --START--
INFO: Run Behavior\ReadHtmlCacheBehavior [ RunTime:0.002001s ]
INFO: [ app_begin ] --END-- [ RunTime:0.003001s ]
SQL: SHOW COLUMNS FROM `message` [ RunTime:0.0060s ]
SQL: SHOW COLUMNS FROM `message` [ RunTime:0.0070s ]
SQL: SELECT * FROM `message`  [ RunTime:0.0010s ]

[ 2016-01-30T13:11:12+08:00 ] ::1 /CM-CLUB/index.php/Home/Message/getMessage
INFO: [ app_begin ] --START--
INFO: Run Behavior\ReadHtmlCacheBehavior [ RunTime:0.002000s ]
INFO: [ app_begin ] --END-- [ RunTime:0.003000s ]
SQL: SHOW COLUMNS FROM `message` [ RunTime:0.0070s ]
SQL: SHOW COLUMNS FROM `message` [ RunTime:0.0110s ]
SQL: SELECT * FROM `message`  [ RunTime:0.0000s ]

[ 2016-01-30T13:11:53+08:00 ] ::1 /CM-CLUB/index.php/Home/Message/getMessage
INFO: [ app_begin ] --START--
INFO: Run Behavior\ReadHtmlCacheBehavior [ RunTime:0.003000s ]
INFO: [ app_begin ] --END-- [ RunTime:0.004000s ]
SQL: SHOW COLUMNS FROM `message` [ RunTime:0.0080s ]
SQL: SHOW COLUMNS FROM `message` [ RunTime:0.0070s ]
SQL: SELECT * FROM `message`  [ RunTime:0.0010s ]
INFO: [ app_end ] --START--
INFO: Run Behavior\ShowPageTraceBehavior [ RunTime:0.002000s ]
INFO: [ app_end ] --END-- [ RunTime:0.002000s ]
NOTIC: [8] A session had already been started - ignoring session_start() D:\XAMPP\htdocs\CM-CLUB\index.php 第 25 行.

[ 2016-01-30T13:12:04+08:00 ] ::1 /CM-CLUB/index.php/Home/Message/getMessage
INFO: [ app_begin ] --START--
INFO: Run Behavior\ReadHtmlCacheBehavior [ RunTime:0.001000s ]
INFO: [ app_begin ] --END-- [ RunTime:0.001000s ]
SQL: SHOW COLUMNS FROM `message` [ RunTime:0.0040s ]
SQL: SHOW COLUMNS FROM `message` [ RunTime:0.0050s ]
SQL: SELECT * FROM `message`  [ RunTime:0.0010s ]
INFO: [ app_end ] --START--
INFO: Run Behavior\ShowPageTraceBehavior [ RunTime:0.002000s ]
INFO: [ app_end ] --END-- [ RunTime:0.002000s ]
NOTIC: [8] A session had already been started - ignoring session_start() D:\XAMPP\htdocs\CM-CLUB\index.php 第 25 行.

[ 2016-01-30T13:12:56+08:00 ] ::1 /CM-CLUB/index.php/Home/Message/getMessage
INFO: [ app_begin ] --START--
INFO: Run Behavior\ReadHtmlCacheBehavior [ RunTime:0.002000s ]
INFO: [ app_begin ] --END-- [ RunTime:0.003000s ]
SQL: SHOW COLUMNS FROM `message` [ RunTime:0.0080s ]
SQL: SHOW COLUMNS FROM `message` [ RunTime:0.0070s ]
SQL: SELECT * FROM `message`  [ RunTime:0.0010s ]
INFO: [ app_end ] --START--
INFO: Run Behavior\ShowPageTraceBehavior [ RunTime:0.003000s ]
INFO: [ app_end ] --END-- [ RunTime:0.003000s ]
NOTIC: [8] A session had already been started - ignoring session_start() D:\XAMPP\htdocs\CM-CLUB\index.php 第 25 行.

[ 2016-01-30T13:13:13+08:00 ] ::1 /CM-CLUB/index.php/Home/Message/getMessage
INFO: [ app_begin ] --START--
INFO: Run Behavior\ReadHtmlCacheBehavior [ RunTime:0.001000s ]
INFO: [ app_begin ] --END-- [ RunTime:0.003000s ]
SQL: SHOW COLUMNS FROM `message` [ RunTime:0.0080s ]
SQL: SHOW COLUMNS FROM `message` [ RunTime:0.0060s ]
SQL: SELECT * FROM `message`  [ RunTime:0.0000s ]
INFO: [ app_end ] --START--
INFO: Run Behavior\ShowPageTraceBehavior [ RunTime:0.002001s ]
INFO: [ app_end ] --END-- [ RunTime:0.002001s ]
NOTIC: [8] A session had already been started - ignoring session_start() D:\XAMPP\htdocs\CM-CLUB\index.php 第 25 行.

[ 2016-01-30T13:15:28+08:00 ] ::1 /CM-CLUB/index.php/Home/Message/getMessage
INFO: [ app_begin ] --START--
INFO: Run Behavior\ReadHtmlCacheBehavior [ RunTime:0.001000s ]
INFO: [ app_begin ] --END-- [ RunTime:0.003000s ]
SQL: SHOW COLUMNS FROM `message` [ RunTime:0.0070s ]
SQL: SHOW COLUMNS FROM `message` [ RunTime:0.0070s ]
SQL: SELECT * FROM `message`  [ RunTime:0.0010s ]
INFO: [ app_end ] --START--
INFO: Run Behavior\ShowPageTraceBehavior [ RunTime:0.001000s ]
INFO: [ app_end ] --END-- [ RunTime:0.001000s ]
NOTIC: [8] A session had already been started - ignoring session_start() D:\XAMPP\htdocs\CM-CLUB\index.php 第 25 行.

[ 2016-01-30T13:17:48+08:00 ] ::1 /CM-CLUB/index.php/Home/Message/getMessage
INFO: [ app_begin ] --START--
INFO: Run Behavior\ReadHtmlCacheBehavior [ RunTime:0.001000s ]
INFO: [ app_begin ] --END-- [ RunTime:0.002001s ]
SQL: SHOW COLUMNS FROM `message` [ RunTime:0.0070s ]
SQL: SHOW COLUMNS FROM `message` [ RunTime:0.0060s ]
SQL: SELECT * FROM `message`  [ RunTime:0.0000s ]
INFO: [ app_end ] --START--
INFO: Run Behavior\ShowPageTraceBehavior [ RunTime:0.001001s ]
INFO: [ app_end ] --END-- [ RunTime:0.001001s ]
NOTIC: [8] A session had already been started - ignoring session_start() D:\XAMPP\htdocs\CM-CLUB\index.php 第 25 行.

[ 2016-01-30T13:18:00+08:00 ] ::1 /CM-CLUB/index.php/Home/Message/getMessage
INFO: [ app_begin ] --START--
INFO: Run Behavior\ReadHtmlCacheBehavior [ RunTime:0.001001s ]
INFO: [ app_begin ] --END-- [ RunTime:0.002001s ]
SQL: SHOW COLUMNS FROM `message` [ RunTime:0.0070s ]
SQL: SHOW COLUMNS FROM `message` [ RunTime:0.0070s ]
SQL: SELECT * FROM `message`  [ RunTime:0.0000s ]
INFO: [ app_end ] --START--
INFO: Run Behavior\ShowPageTraceBehavior [ RunTime:0.001000s ]
INFO: [ app_end ] --END-- [ RunTime:0.001000s ]
NOTIC: [8] A session had already been started - ignoring session_start() D:\XAMPP\htdocs\CM-CLUB\index.php 第 25 行.

[ 2016-01-30T13:19:08+08:00 ] ::1 /CM-CLUB/index.php/Home/Message/getMessage
INFO: [ app_begin ] --START--
INFO: Run Behavior\ReadHtmlCacheBehavior [ RunTime:0.001000s ]
INFO: [ app_begin ] --END-- [ RunTime:0.002000s ]
SQL: SHOW COLUMNS FROM `message` [ RunTime:0.0080s ]
SQL: SHOW COLUMNS FROM `message` [ RunTime:0.0060s ]
SQL: SELECT * FROM `message`  [ RunTime:0.0010s ]

[ 2016-01-30T13:22:55+08:00 ] ::1 /CM-CLUB/index.php/Home/Message/getMessage
INFO: [ app_begin ] --START--
INFO: Run Behavior\ReadHtmlCacheBehavior [ RunTime:0.001000s ]
INFO: [ app_begin ] --END-- [ RunTime:0.002000s ]
SQL: SHOW COLUMNS FROM `message` [ RunTime:0.0070s ]
SQL: SHOW COLUMNS FROM `message` [ RunTime:0.0040s ]
SQL: SELECT * FROM `message`  [ RunTime:0.0010s ]
NOTIC: [8] Undefined index: content D:\XAMPP\htdocs\CM-CLUB\CM-CLUB\Home\Controller\MessageController.class.php 第 36 行.

[ 2016-01-30T13:25:27+08:00 ] ::1 /CM-CLUB/index.php/Home/Message/getMessage
INFO: [ app_begin ] --START--
INFO: Run Behavior\ReadHtmlCacheBehavior [ RunTime:0.001000s ]
INFO: [ app_begin ] --END-- [ RunTime:0.002000s ]
SQL: SHOW COLUMNS FROM `message` [ RunTime:0.0060s ]
SQL: SHOW COLUMNS FROM `message` [ RunTime:0.0060s ]
SQL: SELECT * FROM `message`  [ RunTime:0.0010s ]
INFO: [ app_end ] --START--
INFO: Run Behavior\ShowPageTraceBehavior [ RunTime:0.001000s ]
INFO: [ app_end ] --END-- [ RunTime:0.001000s ]
NOTIC: [8] A session had already been started - ignoring session_start() D:\XAMPP\htdocs\CM-CLUB\index.php 第 25 行.

[ 2016-01-30T13:26:32+08:00 ] ::1 /CM-CLUB/index.php/Home/Message/getMessage
INFO: [ app_begin ] --START--
INFO: Run Behavior\ReadHtmlCacheBehavior [ RunTime:0.001000s ]
INFO: [ app_begin ] --END-- [ RunTime:0.003000s ]
SQL: SHOW COLUMNS FROM `message` [ RunTime:0.0060s ]
SQL: SHOW COLUMNS FROM `message` [ RunTime:0.0070s ]
SQL: SELECT * FROM `message`  [ RunTime:0.0010s ]
NOTIC: [8] Undefined index: content D:\XAMPP\htdocs\CM-CLUB\CM-CLUB\Home\Controller\MessageController.class.php 第 36 行.

[ 2016-01-30T13:27:37+08:00 ] ::1 /CM-CLUB/index.php/Home/Message/getMessage
INFO: [ app_begin ] --START--
INFO: Run Behavior\ReadHtmlCacheBehavior [ RunTime:0.002000s ]
INFO: [ app_begin ] --END-- [ RunTime:0.002000s ]
SQL: SHOW COLUMNS FROM `message` [ RunTime:0.0050s ]
SQL: SHOW COLUMNS FROM `message` [ RunTime:0.0060s ]
SQL: SELECT * FROM `message`  [ RunTime:0.0000s ]
NOTIC: [8] Undefined index: content D:\XAMPP\htdocs\CM-CLUB\CM-CLUB\Home\Controller\MessageController.class.php 第 36 行.

[ 2016-01-30T13:30:06+08:00 ] ::1 /CM-CLUB/index.php/Home/Message/getMessage
INFO: [ app_begin ] --START--
INFO: Run Behavior\ReadHtmlCacheBehavior [ RunTime:0.001000s ]
INFO: [ app_begin ] --END-- [ RunTime:0.002000s ]
SQL: SHOW COLUMNS FROM `message` [ RunTime:0.0060s ]
SQL: SHOW COLUMNS FROM `message` [ RunTime:0.0060s ]
SQL: SELECT * FROM `message`  [ RunTime:0.0010s ]
NOTIC: [8] Undefined index: content D:\XAMPP\htdocs\CM-CLUB\CM-CLUB\Home\Controller\MessageController.class.php 第 36 行.

[ 2016-01-30T13:36:31+08:00 ] ::1 /CM-CLUB/index.php/Home/Message/getMessage
INFO: [ app_begin ] --START--
INFO: Run Behavior\ReadHtmlCacheBehavior [ RunTime:0.002000s ]
INFO: [ app_begin ] --END-- [ RunTime:0.004001s ]
SQL: SHOW COLUMNS FROM `message` [ RunTime:0.0070s ]
SQL: SHOW COLUMNS FROM `message` [ RunTime:0.0050s ]
SQL: SELECT * FROM `message`  [ RunTime:0.0010s ]

[ 2016-01-30T13:46:53+08:00 ] ::1 /CM-CLUB/index.php/Home/Message/getMessage
INFO: [ app_begin ] --START--
INFO: Run Behavior\ReadHtmlCacheBehavior [ RunTime:0.003000s ]
INFO: [ app_begin ] --END-- [ RunTime:0.004000s ]
SQL: SHOW COLUMNS FROM `message` [ RunTime:0.0060s ]
SQL: SHOW COLUMNS FROM `message` [ RunTime:0.0060s ]
SQL: SELECT * FROM `message`  [ RunTime:0.0010s ]

[ 2016-01-30T13:48:51+08:00 ] ::1 /CM-CLUB/index.php/Home/Message/getMessage
INFO: [ app_begin ] --START--
INFO: Run Behavior\ReadHtmlCacheBehavior [ RunTime:0.002000s ]
INFO: [ app_begin ] --END-- [ RunTime:0.003000s ]
SQL: SHOW COLUMNS FROM `message` [ RunTime:0.0060s ]
SQL: SHOW COLUMNS FROM `message` [ RunTime:0.0060s ]
SQL: SELECT * FROM `message`  [ RunTime:0.0010s ]

[ 2016-01-30T13:48:57+08:00 ] ::1 /CM-CLUB/index.php/Home/Message/getMessage
INFO: [ app_begin ] --START--
INFO: Run Behavior\ReadHtmlCacheBehavior [ RunTime:0.003000s ]
INFO: [ app_begin ] --END-- [ RunTime:0.004000s ]
SQL: SHOW COLUMNS FROM `message` [ RunTime:0.0060s ]
SQL: SHOW COLUMNS FROM `message` [ RunTime:0.0060s ]
SQL: SELECT * FROM `message`  [ RunTime:0.0000s ]

[ 2016-01-30T14:06:46+08:00 ] ::1 /CM-CLUB/index.php/Home/Message/getMessage
INFO: [ app_begin ] --START--
INFO: Run Behavior\ReadHtmlCacheBehavior [ RunTime:0.002001s ]
INFO: [ app_begin ] --END-- [ RunTime:0.004001s ]
SQL: SHOW COLUMNS FROM `message` [ RunTime:0.0060s ]
SQL: SHOW COLUMNS FROM `message` [ RunTime:0.0070s ]
SQL: SELECT * FROM `message`  [ RunTime:0.0010s ]

[ 2016-01-30T14:08:11+08:00 ] ::1 /CM-CLUB/index.php/Home/Message/getMessage
INFO: [ app_begin ] --START--
INFO: Run Behavior\ReadHtmlCacheBehavior [ RunTime:0.003000s ]
INFO: [ app_begin ] --END-- [ RunTime:0.004000s ]
SQL: SHOW COLUMNS FROM `message` [ RunTime:0.0060s ]
SQL: SHOW COLUMNS FROM `message` [ RunTime:0.0060s ]
SQL: SELECT * FROM `message`  [ RunTime:0.0020s ]

[ 2016-01-30T14:08:21+08:00 ] ::1 /CM-CLUB/index.php/Home/Message/getMessage
INFO: [ app_begin ] --START--
INFO: Run Behavior\ReadHtmlCacheBehavior [ RunTime:0.001000s ]
INFO: [ app_begin ] --END-- [ RunTime:0.002000s ]
SQL: SHOW COLUMNS FROM `message` [ RunTime:0.0040s ]
SQL: SHOW COLUMNS FROM `message` [ RunTime:0.0050s ]
SQL: SELECT * FROM `message`  [ RunTime:0.0010s ]

[ 2016-01-30T14:08:37+08:00 ] ::1 /CM-CLUB/index.php/Home/Message/getMessage
INFO: [ app_begin ] --START--
INFO: Run Behavior\ReadHtmlCacheBehavior [ RunTime:0.002000s ]
INFO: [ app_begin ] --END-- [ RunTime:0.002000s ]
SQL: SHOW COLUMNS FROM `message` [ RunTime:0.0070s ]
SQL: SHOW COLUMNS FROM `message` [ RunTime:0.0060s ]
SQL: SELECT * FROM `message`  [ RunTime:0.0020s ]

[ 2016-01-30T14:08:50+08:00 ] ::1 /CM-CLUB/index.php/Home/Message/getMessage
INFO: [ app_begin ] --START--
INFO: Run Behavior\ReadHtmlCacheBehavior [ RunTime:0.003000s ]
INFO: [ app_begin ] --END-- [ RunTime:0.003000s ]
SQL: SHOW COLUMNS FROM `message` [ RunTime:0.0050s ]
SQL: SHOW COLUMNS FROM `message` [ RunTime:0.0060s ]
SQL: SELECT * FROM `message`  [ RunTime:0.0010s ]

[ 2016-01-30T14:09:18+08:00 ] ::1 /CM-CLUB/index.php/Home/Message/getMessage
INFO: [ app_begin ] --START--
INFO: Run Behavior\ReadHtmlCacheBehavior [ RunTime:0.002001s ]
INFO: [ app_begin ] --END-- [ RunTime:0.005001s ]
SQL: SHOW COLUMNS FROM `message` [ RunTime:0.0060s ]
SQL: SHOW COLUMNS FROM `message` [ RunTime:0.0060s ]
SQL: SELECT * FROM `message`  [ RunTime:0.0010s ]

[ 2016-01-30T16:25:53+08:00 ] ::1 /CM-CLUB/index.php/Home/Message/getMessage
INFO: [ app_begin ] --START--
INFO: Run Behavior\ReadHtmlCacheBehavior [ RunTime:0.002001s ]
INFO: [ app_begin ] --END-- [ RunTime:0.003001s ]
SQL: SHOW COLUMNS FROM `message` [ RunTime:0.0050s ]
SQL: SHOW COLUMNS FROM `message` [ RunTime:0.0060s ]
SQL: SELECT * FROM `message`  [ RunTime:0.0010s ]

[ 2016-01-30T16:26:12+08:00 ] ::1 /CM-CLUB/index.php/Home/Message/getMessage
INFO: [ app_begin ] --START--
INFO: Run Behavior\ReadHtmlCacheBehavior [ RunTime:0.002000s ]
INFO: [ app_begin ] --END-- [ RunTime:0.004000s ]
SQL: SHOW COLUMNS FROM `message` [ RunTime:0.0070s ]
SQL: SHOW COLUMNS FROM `message` [ RunTime:0.0090s ]
SQL: SELECT * FROM `message`  [ RunTime:0.0010s ]

[ 2016-01-30T16:27:31+08:00 ] ::1 /CM-CLUB/index.php/Home/Message/getMessage
INFO: [ app_begin ] --START--
INFO: Run Behavior\ReadHtmlCacheBehavior [ RunTime:0.001000s ]
INFO: [ app_begin ] --END-- [ RunTime:0.001000s ]
SQL: SHOW COLUMNS FROM `message` [ RunTime:0.0040s ]
SQL: SHOW COLUMNS FROM `message` [ RunTime:0.0040s ]
SQL: SELECT * FROM `message`  [ RunTime:0.0010s ]

[ 2016-01-30T16:28:15+08:00 ] ::1 /CM-CLUB/index.php/Home/Message/getMessage
INFO: [ app_begin ] --START--
INFO: Run Behavior\ReadHtmlCacheBehavior [ RunTime:0.037002s ]
INFO: [ app_begin ] --END-- [ RunTime:0.038002s ]
SQL: SHOW COLUMNS FROM `message` [ RunTime:0.0070s ]
SQL: SHOW COLUMNS FROM `message` [ RunTime:0.0060s ]
SQL: SELECT * FROM `message`  [ RunTime:0.0010s ]

[ 2016-01-30T16:28:59+08:00 ] ::1 /CM-CLUB/index.php/Home/Message/getMessage
INFO: [ app_begin ] --START--
INFO: Run Behavior\ReadHtmlCacheBehavior [ RunTime:0.001000s ]
INFO: [ app_begin ] --END-- [ RunTime:0.002000s ]
SQL: SHOW COLUMNS FROM `message` [ RunTime:0.0050s ]
SQL: SHOW COLUMNS FROM `message` [ RunTime:0.0050s ]
SQL: SELECT * FROM `message`  [ RunTime:0.0010s ]

[ 2016-01-30T18:36:42+08:00 ] ::1 /CM-CLUB/index.php/Home/Message/getMessage
INFO: [ app_begin ] --START--
INFO: Run Behavior\ReadHtmlCacheBehavior [ RunTime:0.002000s ]
INFO: [ app_begin ] --END-- [ RunTime:0.003000s ]
SQL: SHOW COLUMNS FROM `message` [ RunTime:0.0440s ]
SQL: SHOW COLUMNS FROM `message` [ RunTime:0.0070s ]
SQL: SELECT * FROM `message`  [ RunTime:0.0010s ]

[ 2016-01-30T18:38:11+08:00 ] ::1 /CM-CLUB/index.php/Home/Message/getMessage
INFO: [ app_begin ] --START--
INFO: Run Behavior\ReadHtmlCacheBehavior [ RunTime:0.001000s ]
INFO: [ app_begin ] --END-- [ RunTime:0.002000s ]
SQL: SHOW COLUMNS FROM `message` [ RunTime:0.0060s ]
SQL: SHOW COLUMNS FROM `message` [ RunTime:0.0070s ]
SQL: SELECT * FROM `message`  [ RunTime:0.0010s ]

[ 2016-01-30T18:38:24+08:00 ] ::1 /CM-CLUB/index.php/Home/Message/getMessage
INFO: [ app_begin ] --START--
INFO: Run Behavior\ReadHtmlCacheBehavior [ RunTime:0.001000s ]
INFO: [ app_begin ] --END-- [ RunTime:0.002001s ]
SQL: SHOW COLUMNS FROM `message` [ RunTime:0.0190s ]
SQL: SHOW COLUMNS FROM `message` [ RunTime:0.0050s ]
SQL: SELECT * FROM `message`  [ RunTime:0.0000s ]

[ 2016-01-30T18:38:43+08:00 ] ::1 /CM-CLUB/index.php/Home/Message/getMessage
INFO: [ app_begin ] --START--
INFO: Run Behavior\ReadHtmlCacheBehavior [ RunTime:0.002000s ]
INFO: [ app_begin ] --END-- [ RunTime:0.004000s ]
SQL: SHOW COLUMNS FROM `message` [ RunTime:0.0050s ]
SQL: SHOW COLUMNS FROM `message` [ RunTime:0.0060s ]
SQL: SELECT * FROM `message`  [ RunTime:0.0010s ]

[ 2016-01-30T18:38:47+08:00 ] ::1 /CM-CLUB/index.php/Home/Message/getMessage
INFO: [ app_begin ] --START--
INFO: Run Behavior\ReadHtmlCacheBehavior [ RunTime:0.001000s ]
INFO: [ app_begin ] --END-- [ RunTime:0.001000s ]
SQL: SHOW COLUMNS FROM `message` [ RunTime:0.0050s ]
SQL: SHOW COLUMNS FROM `message` [ RunTime:0.0080s ]
SQL: SELECT * FROM `message`  [ RunTime:0.0010s ]

[ 2016-01-30T18:40:19+08:00 ] ::1 /CM-CLUB/index.php/Home/Message/getMessage
INFO: [ app_begin ] --START--
INFO: Run Behavior\ReadHtmlCacheBehavior [ RunTime:0.001001s ]
INFO: [ app_begin ] --END-- [ RunTime:0.002001s ]
SQL: SHOW COLUMNS FROM `message` [ RunTime:0.0080s ]
SQL: SHOW COLUMNS FROM `message` [ RunTime:0.0080s ]
SQL: SELECT * FROM `message`  [ RunTime:0.0000s ]

[ 2016-01-30T18:43:34+08:00 ] ::1 /CM-CLUB/index.php/Home/Message/getMessage
INFO: [ app_begin ] --START--
INFO: Run Behavior\ReadHtmlCacheBehavior [ RunTime:0.003000s ]
INFO: [ app_begin ] --END-- [ RunTime:0.004000s ]
SQL: SHOW COLUMNS FROM `message` [ RunTime:0.0070s ]
SQL: SHOW COLUMNS FROM `message` [ RunTime:0.0070s ]
SQL: SELECT * FROM `message`  [ RunTime:0.0010s ]

[ 2016-01-30T18:43:34+08:00 ] ::1 /CM-CLUB/index.php/Home/Message/getMessage
INFO: [ app_begin ] --START--
INFO: Run Behavior\ReadHtmlCacheBehavior [ RunTime:0.004000s ]
INFO: [ app_begin ] --END-- [ RunTime:0.004000s ]
SQL: SHOW COLUMNS FROM `message` [ RunTime:0.0040s ]
SQL: SHOW COLUMNS FROM `message` [ RunTime:0.0040s ]
SQL: SELECT * FROM `message`  [ RunTime:0.0010s ]
NOTIC: [8] Undefined offset: 2 D:\XAMPP\htdocs\CM-CLUB\CM-CLUB\Home\Model\MessageModel.class.php 第 32 行.

[ 2016-01-30T18:44:22+08:00 ] ::1 /CM-CLUB/index.php/Home/Message/getMessage
INFO: [ app_begin ] --START--
INFO: Run Behavior\ReadHtmlCacheBehavior [ RunTime:0.003000s ]
INFO: [ app_begin ] --END-- [ RunTime:0.004000s ]
SQL: SHOW COLUMNS FROM `message` [ RunTime:0.0090s ]
SQL: SHOW COLUMNS FROM `message` [ RunTime:0.0090s ]
SQL: SELECT * FROM `message`  [ RunTime:0.0010s ]
NOTIC: [8] Undefined offset: 2 D:\XAMPP\htdocs\CM-CLUB\CM-CLUB\Home\Model\MessageModel.class.php 第 32 行.

[ 2016-01-30T18:44:35+08:00 ] ::1 /CM-CLUB/index.php/Home/Message/getMessage
INFO: [ app_begin ] --START--
INFO: Run Behavior\ReadHtmlCacheBehavior [ RunTime:0.003001s ]
INFO: [ app_begin ] --END-- [ RunTime:0.004001s ]
SQL: SHOW COLUMNS FROM `message` [ RunTime:0.0050s ]
SQL: SHOW COLUMNS FROM `message` [ RunTime:0.0070s ]
SQL: SELECT * FROM `message`  [ RunTime:0.0010s ]
NOTIC: [8] Undefined offset: 2 D:\XAMPP\htdocs\CM-CLUB\CM-CLUB\Home\Model\MessageModel.class.php 第 32 行.

[ 2016-01-30T18:45:27+08:00 ] ::1 /CM-CLUB/index.php/Home/Message/getMessage
INFO: [ app_begin ] --START--
INFO: Run Behavior\ReadHtmlCacheBehavior [ RunTime:0.002000s ]
INFO: [ app_begin ] --END-- [ RunTime:0.004000s ]
SQL: SHOW COLUMNS FROM `message` [ RunTime:0.0060s ]
SQL: SHOW COLUMNS FROM `message` [ RunTime:0.0070s ]
SQL: SELECT * FROM `message`  [ RunTime:0.0010s ]
NOTIC: [8] Undefined offset: 3 D:\XAMPP\htdocs\CM-CLUB\CM-CLUB\Home\Model\MessageModel.class.php 第 32 行.

[ 2016-01-30T18:45:48+08:00 ] ::1 /CM-CLUB/index.php/Home/Message/getMessage
INFO: [ app_begin ] --START--
INFO: Run Behavior\ReadHtmlCacheBehavior [ RunTime:0.001000s ]
INFO: [ app_begin ] --END-- [ RunTime:0.003000s ]
SQL: SHOW COLUMNS FROM `message` [ RunTime:0.0040s ]
SQL: SHOW COLUMNS FROM `message` [ RunTime:0.0090s ]
SQL: SELECT * FROM `message`  [ RunTime:0.0010s ]
NOTIC: [8] Undefined offset: 3 D:\XAMPP\htdocs\CM-CLUB\CM-CLUB\Home\Model\MessageModel.class.php 第 32 行.

[ 2016-01-30T18:45:53+08:00 ] ::1 /CM-CLUB/index.php/Home/Message/getMessage
INFO: [ app_begin ] --START--
INFO: Run Behavior\ReadHtmlCacheBehavior [ RunTime:0.002000s ]
INFO: [ app_begin ] --END-- [ RunTime:0.006000s ]
SQL: SHOW COLUMNS FROM `message` [ RunTime:0.0050s ]
SQL: SHOW COLUMNS FROM `message` [ RunTime:0.0060s ]
SQL: SELECT * FROM `message`  [ RunTime:0.0010s ]
NOTIC: [8] Undefined offset: 3 D:\XAMPP\htdocs\CM-CLUB\CM-CLUB\Home\Model\MessageModel.class.php 第 32 行.

[ 2016-01-30T18:47:05+08:00 ] ::1 /CM-CLUB/index.php/Home/Message/getMessage
INFO: [ app_begin ] --START--
INFO: Run Behavior\ReadHtmlCacheBehavior [ RunTime:0.002000s ]
INFO: [ app_begin ] --END-- [ RunTime:0.003000s ]
SQL: SHOW COLUMNS FROM `message` [ RunTime:0.0080s ]
SQL: SHOW COLUMNS FROM `message` [ RunTime:0.0070s ]
SQL: SELECT * FROM `message`  [ RunTime:0.0010s ]
NOTIC: [8] Undefined offset: 3 D:\XAMPP\htdocs\CM-CLUB\CM-CLUB\Home\Model\MessageModel.class.php 第 32 行.

[ 2016-01-30T18:47:18+08:00 ] ::1 /CM-CLUB/index.php/Home/Message/getMessage
INFO: [ app_begin ] --START--
INFO: Run Behavior\ReadHtmlCacheBehavior [ RunTime:0.002000s ]
INFO: [ app_begin ] --END-- [ RunTime:0.003000s ]
SQL: SHOW COLUMNS FROM `message` [ RunTime:0.0060s ]
SQL: SHOW COLUMNS FROM `message` [ RunTime:0.0060s ]
SQL: SELECT * FROM `message`  [ RunTime:0.0000s ]
NOTIC: [8] Undefined offset: 3 D:\XAMPP\htdocs\CM-CLUB\CM-CLUB\Home\Model\MessageModel.class.php 第 32 行.

[ 2016-01-30T18:47:27+08:00 ] ::1 /CM-CLUB/index.php/Home/Message/getMessage
INFO: [ app_begin ] --START--
INFO: Run Behavior\ReadHtmlCacheBehavior [ RunTime:0.002000s ]
INFO: [ app_begin ] --END-- [ RunTime:0.004000s ]
SQL: SHOW COLUMNS FROM `message` [ RunTime:0.0080s ]
SQL: SHOW COLUMNS FROM `message` [ RunTime:0.0060s ]
SQL: SELECT * FROM `message`  [ RunTime:0.0010s ]
NOTIC: [8] Undefined offset: 3 D:\XAMPP\htdocs\CM-CLUB\CM-CLUB\Home\Model\MessageModel.class.php 第 32 行.

[ 2016-01-30T18:47:45+08:00 ] ::1 /CM-CLUB/index.php/Home/Message/getMessage
INFO: [ app_begin ] --START--
INFO: Run Behavior\ReadHtmlCacheBehavior [ RunTime:0.002000s ]
INFO: [ app_begin ] --END-- [ RunTime:0.003000s ]
SQL: SHOW COLUMNS FROM `message` [ RunTime:0.0050s ]
SQL: SHOW COLUMNS FROM `message` [ RunTime:0.0070s ]
SQL: SELECT * FROM `message`  [ RunTime:0.0010s ]
NOTIC: [8] Undefined offset: 3 D:\XAMPP\htdocs\CM-CLUB\CM-CLUB\Home\Model\MessageModel.class.php 第 32 行.

[ 2016-01-30T18:49:28+08:00 ] ::1 /CM-CLUB/index.php/Home/Message/getMessage
INFO: [ app_begin ] --START--
INFO: Run Behavior\ReadHtmlCacheBehavior [ RunTime:0.002001s ]
INFO: [ app_begin ] --END-- [ RunTime:0.003001s ]
SQL: SHOW COLUMNS FROM `message` [ RunTime:0.0050s ]
SQL: SHOW COLUMNS FROM `message` [ RunTime:0.0060s ]
SQL: SELECT * FROM `message`  [ RunTime:0.0010s ]
NOTIC: [8] Undefined offset: 3 D:\XAMPP\htdocs\CM-CLUB\CM-CLUB\Home\Model\MessageModel.class.php 第 32 行.

[ 2016-01-30T19:00:46+08:00 ] ::1 /CM-CLUB/index.php/Home/Message/getMessage
INFO: [ app_begin ] --START--
INFO: Run Behavior\ReadHtmlCacheBehavior [ RunTime:0.002000s ]
INFO: [ app_begin ] --END-- [ RunTime:0.003000s ]
SQL: SHOW COLUMNS FROM `message` [ RunTime:0.0070s ]
SQL: SHOW COLUMNS FROM `message` [ RunTime:0.0090s ]
SQL: SELECT * FROM `message`  [ RunTime:0.0010s ]
NOTIC: [8] Undefined offset: 4 D:\XAMPP\htdocs\CM-CLUB\CM-CLUB\Home\Model\MessageModel.class.php 第 32 行.

[ 2016-01-30T19:01:47+08:00 ] ::1 /CM-CLUB/index.php/Home/Message/getMessage
INFO: [ app_begin ] --START--
INFO: Run Behavior\ReadHtmlCacheBehavior [ RunTime:0.002000s ]
INFO: [ app_begin ] --END-- [ RunTime:0.003000s ]
SQL: SHOW COLUMNS FROM `message` [ RunTime:0.0090s ]
SQL: SHOW COLUMNS FROM `message` [ RunTime:0.0070s ]
SQL: SELECT * FROM `message`  [ RunTime:0.0010s ]
NOTIC: [8] Undefined offset: 4 D:\XAMPP\htdocs\CM-CLUB\CM-CLUB\Home\Model\MessageModel.class.php 第 32 行.

[ 2016-01-30T19:04:27+08:00 ] ::1 /CM-CLUB/index.php/Home/Message/getMessage
INFO: [ app_begin ] --START--
INFO: Run Behavior\ReadHtmlCacheBehavior [ RunTime:0.003000s ]
INFO: [ app_begin ] --END-- [ RunTime:0.005000s ]
SQL: SHOW COLUMNS FROM `message` [ RunTime:0.0050s ]
SQL: SHOW COLUMNS FROM `message` [ RunTime:0.0060s ]
SQL: SELECT * FROM `message`  [ RunTime:0.0010s ]
NOTIC: [8] Undefined offset: 4 D:\XAMPP\htdocs\CM-CLUB\CM-CLUB\Home\Model\MessageModel.class.php 第 32 行.

[ 2016-01-30T19:04:49+08:00 ] ::1 /CM-CLUB/index.php/Home/Message/getMessage
INFO: [ app_begin ] --START--
INFO: Run Behavior\ReadHtmlCacheBehavior [ RunTime:0.001000s ]
INFO: [ app_begin ] --END-- [ RunTime:0.002000s ]
SQL: SHOW COLUMNS FROM `message` [ RunTime:0.0060s ]
SQL: SHOW COLUMNS FROM `message` [ RunTime:0.0060s ]
SQL: SELECT * FROM `message`  [ RunTime:0.0010s ]
NOTIC: [8] Undefined offset: 4 D:\XAMPP\htdocs\CM-CLUB\CM-CLUB\Home\Model\MessageModel.class.php 第 32 行.

[ 2016-01-30T19:13:56+08:00 ] ::1 /CM-CLUB/index.php/Home/Message/getMessage
INFO: [ app_begin ] --START--
INFO: Run Behavior\ReadHtmlCacheBehavior [ RunTime:0.001000s ]
INFO: [ app_begin ] --END-- [ RunTime:0.002000s ]
SQL: SHOW COLUMNS FROM `message` [ RunTime:0.0210s ]
SQL: SHOW COLUMNS FROM `message` [ RunTime:0.0320s ]
SQL: SELECT * FROM `message`  [ RunTime:0.0010s ]
NOTIC: [8] Undefined offset: 4 D:\XAMPP\htdocs\CM-CLUB\CM-CLUB\Home\Model\MessageModel.class.php 第 32 行.

[ 2016-01-30T19:19:43+08:00 ] ::1 /CM-CLUB/index.php/Home/Message/getMessage
INFO: [ app_begin ] --START--
INFO: Run Behavior\ReadHtmlCacheBehavior [ RunTime:0.002000s ]
INFO: [ app_begin ] --END-- [ RunTime:0.003000s ]
SQL: SHOW COLUMNS FROM `message` [ RunTime:0.0070s ]
SQL: SHOW COLUMNS FROM `message` [ RunTime:0.0070s ]
SQL: SELECT * FROM `message`  [ RunTime:0.0010s ]
NOTIC: [8] Undefined offset: 4 D:\XAMPP\htdocs\CM-CLUB\CM-CLUB\Home\Model\MessageModel.class.php 第 32 行.

[ 2016-01-30T19:20:51+08:00 ] ::1 /CM-CLUB/index.php/Home/Message/getMessage
INFO: [ app_begin ] --START--
INFO: Run Behavior\ReadHtmlCacheBehavior [ RunTime:0.001000s ]
INFO: [ app_begin ] --END-- [ RunTime:0.002000s ]
SQL: SHOW COLUMNS FROM `message` [ RunTime:0.0080s ]
SQL: SHOW COLUMNS FROM `message` [ RunTime:0.0090s ]
SQL: SELECT * FROM `message`  [ RunTime:0.0010s ]
NOTIC: [8] Undefined offset: 4 D:\XAMPP\htdocs\CM-CLUB\CM-CLUB\Home\Model\MessageModel.class.php 第 32 行.

[ 2016-01-30T19:22:14+08:00 ] ::1 /CM-CLUB/index.php/Home/Message/getMessage
INFO: [ app_begin ] --START--
INFO: Run Behavior\ReadHtmlCacheBehavior [ RunTime:0.001000s ]
INFO: [ app_begin ] --END-- [ RunTime:0.002000s ]
SQL: SHOW COLUMNS FROM `message` [ RunTime:0.0060s ]
SQL: SHOW COLUMNS FROM `message` [ RunTime:0.0050s ]
SQL: SELECT * FROM `message`  [ RunTime:0.0010s ]
NOTIC: [8] Undefined offset: 4 D:\XAMPP\htdocs\CM-CLUB\CM-CLUB\Home\Model\MessageModel.class.php 第 32 行.

[ 2016-01-30T19:23:00+08:00 ] ::1 /CM-CLUB/index.php/Home/Message/getMessage
INFO: [ app_begin ] --START--
INFO: Run Behavior\ReadHtmlCacheBehavior [ RunTime:0.002000s ]
INFO: [ app_begin ] --END-- [ RunTime:0.003000s ]
SQL: SHOW COLUMNS FROM `message` [ RunTime:0.0060s ]
SQL: SHOW COLUMNS FROM `message` [ RunTime:0.0070s ]
SQL: SELECT * FROM `message`  [ RunTime:0.0010s ]
NOTIC: [8] Undefined offset: 4 D:\XAMPP\htdocs\CM-CLUB\CM-CLUB\Home\Model\MessageModel.class.php 第 32 行.

[ 2016-01-30T19:24:18+08:00 ] ::1 /CM-CLUB/index.php/Home/Message/getMessage
INFO: [ app_begin ] --START--
INFO: Run Behavior\ReadHtmlCacheBehavior [ RunTime:0.002000s ]
INFO: [ app_begin ] --END-- [ RunTime:0.003000s ]
SQL: SHOW COLUMNS FROM `message` [ RunTime:0.0070s ]
SQL: SHOW COLUMNS FROM `message` [ RunTime:0.0080s ]
SQL: SELECT * FROM `message`  [ RunTime:0.0010s ]
NOTIC: [8] Undefined offset: 4 D:\XAMPP\htdocs\CM-CLUB\CM-CLUB\Home\Model\MessageModel.class.php 第 32 行.

[ 2016-01-30T19:26:05+08:00 ] ::1 /CM-CLUB/index.php/Home/Message/getMessage
INFO: [ app_begin ] --START--
INFO: Run Behavior\ReadHtmlCacheBehavior [ RunTime:0.002000s ]
INFO: [ app_begin ] --END-- [ RunTime:0.003000s ]
SQL: SHOW COLUMNS FROM `message` [ RunTime:0.0050s ]
SQL: SHOW COLUMNS FROM `message` [ RunTime:0.0060s ]
SQL: SELECT * FROM `message`  [ RunTime:0.0030s ]
NOTIC: [8] Undefined offset: 4 D:\XAMPP\htdocs\CM-CLUB\CM-CLUB\Home\Model\MessageModel.class.php 第 32 行.

[ 2016-01-30T19:31:03+08:00 ] ::1 /CM-CLUB/index.php/Home/Message/getMessage
INFO: [ app_begin ] --START--
INFO: Run Behavior\ReadHtmlCacheBehavior [ RunTime:0.002000s ]
INFO: [ app_begin ] --END-- [ RunTime:0.003000s ]
SQL: SHOW COLUMNS FROM `message` [ RunTime:0.0050s ]
SQL: SHOW COLUMNS FROM `message` [ RunTime:0.0050s ]
SQL: SELECT * FROM `message`  [ RunTime:0.0010s ]
NOTIC: [8] Undefined offset: 4 D:\XAMPP\htdocs\CM-CLUB\CM-CLUB\Home\Model\MessageModel.class.php 第 32 行.

[ 2016-01-30T19:31:06+08:00 ] ::1 /CM-CLUB/index.php/Home/Message/getMessage
INFO: [ app_begin ] --START--
INFO: Run Behavior\ReadHtmlCacheBehavior [ RunTime:0.016001s ]
INFO: [ app_begin ] --END-- [ RunTime:0.017001s ]
SQL: SHOW COLUMNS FROM `message` [ RunTime:0.0100s ]
SQL: SHOW COLUMNS FROM `message` [ RunTime:0.0060s ]
SQL: SELECT * FROM `message`  [ RunTime:0.0020s ]
NOTIC: [8] Undefined offset: 4 D:\XAMPP\htdocs\CM-CLUB\CM-CLUB\Home\Model\MessageModel.class.php 第 32 行.

[ 2016-01-30T20:02:45+08:00 ] ::1 /CM-CLUB/index.php/Home/User/message.html
ERR: 非法操作:message

[ 2016-01-30T20:25:02+08:00 ] ::1 /CM-CLUB/index.php/Home/Message/getMessage
INFO: [ app_begin ] --START--
INFO: Run Behavior\ReadHtmlCacheBehavior [ RunTime:0.001000s ]
INFO: [ app_begin ] --END-- [ RunTime:0.002000s ]
SQL: SHOW COLUMNS FROM `message` [ RunTime:0.0060s ]
SQL: SHOW COLUMNS FROM `message` [ RunTime:0.0070s ]
SQL: SELECT * FROM `message`  [ RunTime:0.0030s ]
NOTIC: [8] Undefined offset: 4 D:\XAMPP\htdocs\CM-CLUB\CM-CLUB\Home\Model\MessageModel.class.php 第 32 行.

[ 2016-01-30T20:27:32+08:00 ] ::1 /CM-CLUB/index.php/Home/Message/getMessage
INFO: [ app_begin ] --START--
INFO: Run Behavior\ReadHtmlCacheBehavior [ RunTime:0.001000s ]
INFO: [ app_begin ] --END-- [ RunTime:0.003000s ]
SQL: SHOW COLUMNS FROM `message` [ RunTime:0.0060s ]
SQL: SHOW COLUMNS FROM `message` [ RunTime:0.0060s ]
SQL: SELECT * FROM `message`  [ RunTime:0.0010s ]
NOTIC: [8] Undefined offset: 4 D:\XAMPP\htdocs\CM-CLUB\CM-CLUB\Home\Model\MessageModel.class.php 第 32 行.

[ 2016-01-30T20:30:03+08:00 ] ::1 /CM-CLUB/index.php/Home/Message/getMessage
INFO: [ app_begin ] --START--
INFO: Run Behavior\ReadHtmlCacheBehavior [ RunTime:0.001000s ]
INFO: [ app_begin ] --END-- [ RunTime:0.001000s ]
SQL: SHOW COLUMNS FROM `message` [ RunTime:0.0100s ]
SQL: SHOW COLUMNS FROM `message` [ RunTime:0.0060s ]
SQL: SELECT * FROM `message`  [ RunTime:0.0020s ]
NOTIC: [8] Undefined offset: 4 D:\XAMPP\htdocs\CM-CLUB\CM-CLUB\Home\Model\MessageModel.class.php 第 32 行.

[ 2016-01-30T20:38:29+08:00 ] ::1 /CM-CLUB/index.php/Home/Message/getMessage
INFO: [ app_begin ] --START--
INFO: Run Behavior\ReadHtmlCacheBehavior [ RunTime:0.004000s ]
INFO: [ app_begin ] --END-- [ RunTime:0.012001s ]
SQL: SHOW COLUMNS FROM `message` [ RunTime:0.0070s ]
SQL: SHOW COLUMNS FROM `message` [ RunTime:0.0100s ]
SQL: SELECT * FROM `message`  [ RunTime:0.0010s ]
NOTIC: [8] Undefined offset: 5 D:\XAMPP\htdocs\CM-CLUB\CM-CLUB\Home\Model\MessageModel.class.php 第 32 行.

[ 2016-01-30T20:38:47+08:00 ] ::1 /CM-CLUB/index.php/Home/Message/getMessage
INFO: [ app_begin ] --START--
INFO: Run Behavior\ReadHtmlCacheBehavior [ RunTime:0.001000s ]
INFO: [ app_begin ] --END-- [ RunTime:0.002000s ]
SQL: SHOW COLUMNS FROM `message` [ RunTime:0.0050s ]
SQL: SHOW COLUMNS FROM `message` [ RunTime:0.0050s ]
SQL: SELECT * FROM `message`  [ RunTime:0.0000s ]
NOTIC: [8] Undefined offset: 6 D:\XAMPP\htdocs\CM-CLUB\CM-CLUB\Home\Model\MessageModel.class.php 第 32 行.

[ 2016-01-30T20:39:27+08:00 ] ::1 /CM-CLUB/index.php/Home/Message/getMessage
INFO: [ app_begin ] --START--
INFO: Run Behavior\ReadHtmlCacheBehavior [ RunTime:0.002000s ]
INFO: [ app_begin ] --END-- [ RunTime:0.004000s ]
SQL: SHOW COLUMNS FROM `message` [ RunTime:0.0060s ]
SQL: SHOW COLUMNS FROM `message` [ RunTime:0.0060s ]
SQL: SELECT * FROM `message`  [ RunTime:0.0010s ]
NOTIC: [8] Undefined offset: 6 D:\XAMPP\htdocs\CM-CLUB\CM-CLUB\Home\Model\MessageModel.class.php 第 32 行.

[ 2016-01-30T20:39:53+08:00 ] ::1 /CM-CLUB/index.php/Home/Message/getMessage
INFO: [ app_begin ] --START--
INFO: Run Behavior\ReadHtmlCacheBehavior [ RunTime:0.003000s ]
INFO: [ app_begin ] --END-- [ RunTime:0.004000s ]
SQL: SHOW COLUMNS FROM `message` [ RunTime:0.0080s ]
SQL: SHOW COLUMNS FROM `message` [ RunTime:0.0140s ]
SQL: SELECT * FROM `message`  [ RunTime:0.0010s ]
NOTIC: [8] Undefined offset: 7 D:\XAMPP\htdocs\CM-CLUB\CM-CLUB\Home\Model\MessageModel.class.php 第 32 行.

[ 2016-01-30T20:40:00+08:00 ] ::1 /CM-CLUB/index.php/Home/Index/linkTo/aim/baidu.com
ERR: 模板不存在:./CM-CLUB/Home/View/Index/baidu.com.html

[ 2016-01-30T20:40:43+08:00 ] ::1 /CM-CLUB/index.php/Home/Message/getMessage
INFO: [ app_begin ] --START--
INFO: Run Behavior\ReadHtmlCacheBehavior [ RunTime:0.002000s ]
INFO: [ app_begin ] --END-- [ RunTime:0.004000s ]
SQL: SHOW COLUMNS FROM `message` [ RunTime:0.0070s ]
SQL: SHOW COLUMNS FROM `message` [ RunTime:0.0070s ]
SQL: SELECT * FROM `message`  [ RunTime:0.0010s ]
NOTIC: [8] Undefined offset: 3 D:\XAMPP\htdocs\CM-CLUB\CM-CLUB\Home\Model\MessageModel.class.php 第 32 行.

[ 2016-01-30T20:41:58+08:00 ] ::1 /CM-CLUB/index.php/Home/Message/getMessage
INFO: [ app_begin ] --START--
INFO: Run Behavior\ReadHtmlCacheBehavior [ RunTime:0.002000s ]
INFO: [ app_begin ] --END-- [ RunTime:0.003000s ]
SQL: SHOW COLUMNS FROM `message` [ RunTime:0.0060s ]
SQL: SHOW COLUMNS FROM `message` [ RunTime:0.0060s ]
SQL: SELECT * FROM `message`  [ RunTime:0.0010s ]
NOTIC: [8] Undefined offset: 4 D:\XAMPP\htdocs\CM-CLUB\CM-CLUB\Home\Model\MessageModel.class.php 第 32 行.

[ 2016-01-30T20:42:19+08:00 ] ::1 /CM-CLUB/index.php/Home/Message/getMessage
INFO: [ app_begin ] --START--
INFO: Run Behavior\ReadHtmlCacheBehavior [ RunTime:0.002000s ]
INFO: [ app_begin ] --END-- [ RunTime:0.002000s ]
SQL: SHOW COLUMNS FROM `message` [ RunTime:0.0050s ]
SQL: SHOW COLUMNS FROM `message` [ RunTime:0.0070s ]
SQL: SELECT * FROM `message`  [ RunTime:0.0010s ]
NOTIC: [8] Undefined offset: 5 D:\XAMPP\htdocs\CM-CLUB\CM-CLUB\Home\Model\MessageModel.class.php 第 32 行.

[ 2016-01-30T20:42:31+08:00 ] ::1 /CM-CLUB/index.php/Home/Message/getMessage
INFO: [ app_begin ] --START--
INFO: Run Behavior\ReadHtmlCacheBehavior [ RunTime:0.002000s ]
INFO: [ app_begin ] --END-- [ RunTime:0.003000s ]
SQL: SHOW COLUMNS FROM `message` [ RunTime:0.0040s ]
SQL: SHOW COLUMNS FROM `message` [ RunTime:0.0050s ]
SQL: SELECT * FROM `message`  [ RunTime:0.0010s ]
NOTIC: [8] Undefined offset: 6 D:\XAMPP\htdocs\CM-CLUB\CM-CLUB\Home\Model\MessageModel.class.php 第 32 行.

[ 2016-01-30T20:56:18+08:00 ] ::1 /CM-CLUB/index.php/Home/Message/getMessage
INFO: [ app_begin ] --START--
INFO: Run Behavior\ReadHtmlCacheBehavior [ RunTime:0.004000s ]
INFO: [ app_begin ] --END-- [ RunTime:0.007000s ]
SQL: SHOW COLUMNS FROM `message` [ RunTime:0.0080s ]
SQL: SHOW COLUMNS FROM `message` [ RunTime:0.0060s ]
SQL: SELECT * FROM `message`  [ RunTime:0.0010s ]
NOTIC: [8] Undefined offset: 6 D:\XAMPP\htdocs\CM-CLUB\CM-CLUB\Home\Model\MessageModel.class.php 第 32 行.

[ 2016-01-30T20:56:24+08:00 ] ::1 /CM-CLUB/index.php/Home/Message/getMessage
INFO: [ app_begin ] --START--
INFO: Run Behavior\ReadHtmlCacheBehavior [ RunTime:0.002001s ]
INFO: [ app_begin ] --END-- [ RunTime:0.003001s ]
SQL: SHOW COLUMNS FROM `message` [ RunTime:0.0070s ]
SQL: SHOW COLUMNS FROM `message` [ RunTime:0.0070s ]
SQL: SELECT * FROM `message`  [ RunTime:0.0020s ]
NOTIC: [8] Undefined offset: 7 D:\XAMPP\htdocs\CM-CLUB\CM-CLUB\Home\Model\MessageModel.class.php 第 32 行.

[ 2016-01-30T20:56:34+08:00 ] ::1 /CM-CLUB/index.php/Home/Message/getMessage
INFO: [ app_begin ] --START--
INFO: Run Behavior\ReadHtmlCacheBehavior [ RunTime:0.002000s ]
INFO: [ app_begin ] --END-- [ RunTime:0.003000s ]
SQL: SHOW COLUMNS FROM `message` [ RunTime:0.0060s ]
SQL: SHOW COLUMNS FROM `message` [ RunTime:0.0050s ]
SQL: SELECT * FROM `message`  [ RunTime:0.0010s ]
NOTIC: [8] Undefined offset: 7 D:\XAMPP\htdocs\CM-CLUB\CM-CLUB\Home\Model\MessageModel.class.php 第 32 行.

[ 2016-01-30T20:57:01+08:00 ] ::1 /CM-CLUB/index.php/Home/Message/getMessage
INFO: [ app_begin ] --START--
INFO: Run Behavior\ReadHtmlCacheBehavior [ RunTime:0.001000s ]
INFO: [ app_begin ] --END-- [ RunTime:0.002000s ]
SQL: SHOW COLUMNS FROM `message` [ RunTime:0.0060s ]
SQL: SHOW COLUMNS FROM `message` [ RunTime:0.0070s ]
SQL: SELECT * FROM `message`  [ RunTime:0.0010s ]
NOTIC: [8] Undefined offset: 8 D:\XAMPP\htdocs\CM-CLUB\CM-CLUB\Home\Model\MessageModel.class.php 第 32 行.

[ 2016-01-30T20:57:45+08:00 ] ::1 /CM-CLUB/index.php/Home/Message/getMessage
INFO: [ app_begin ] --START--
INFO: Run Behavior\ReadHtmlCacheBehavior [ RunTime:0.001000s ]
INFO: [ app_begin ] --END-- [ RunTime:0.002000s ]
SQL: SHOW COLUMNS FROM `message` [ RunTime:0.0080s ]
SQL: SHOW COLUMNS FROM `message` [ RunTime:0.0060s ]
SQL: SELECT * FROM `message`  [ RunTime:0.0020s ]
NOTIC: [8] Undefined offset: 8 D:\XAMPP\htdocs\CM-CLUB\CM-CLUB\Home\Model\MessageModel.class.php 第 32 行.

[ 2016-01-30T20:57:52+08:00 ] ::1 /CM-CLUB/index.php/Home/Message/getMessage
INFO: [ app_begin ] --START--
INFO: Run Behavior\ReadHtmlCacheBehavior [ RunTime:0.002001s ]
INFO: [ app_begin ] --END-- [ RunTime:0.003001s ]
SQL: SHOW COLUMNS FROM `message` [ RunTime:0.0080s ]
SQL: SHOW COLUMNS FROM `message` [ RunTime:0.0070s ]
SQL: SELECT * FROM `message`  [ RunTime:0.0010s ]
NOTIC: [8] Undefined offset: 9 D:\XAMPP\htdocs\CM-CLUB\CM-CLUB\Home\Model\MessageModel.class.php 第 32 行.

[ 2016-01-30T20:58:06+08:00 ] ::1 /CM-CLUB/index.php/Home/Message/getMessage
INFO: [ app_begin ] --START--
INFO: Run Behavior\ReadHtmlCacheBehavior [ RunTime:0.002000s ]
INFO: [ app_begin ] --END-- [ RunTime:0.003000s ]
SQL: SHOW COLUMNS FROM `message` [ RunTime:0.0100s ]
SQL: SHOW COLUMNS FROM `message` [ RunTime:0.0050s ]
SQL: SELECT * FROM `message`  [ RunTime:0.0010s ]
NOTIC: [8] Undefined offset: 10 D:\XAMPP\htdocs\CM-CLUB\CM-CLUB\Home\Model\MessageModel.class.php 第 32 行.

[ 2016-01-30T20:58:24+08:00 ] ::1 /CM-CLUB/index.php/Home/Message/getMessage
INFO: [ app_begin ] --START--
INFO: Run Behavior\ReadHtmlCacheBehavior [ RunTime:0.002000s ]
INFO: [ app_begin ] --END-- [ RunTime:0.003000s ]
SQL: SHOW COLUMNS FROM `message` [ RunTime:0.0170s ]
SQL: SHOW COLUMNS FROM `message` [ RunTime:0.0130s ]
SQL: SELECT * FROM `message`  [ RunTime:0.0010s ]
NOTIC: [8] Undefined offset: 11 D:\XAMPP\htdocs\CM-CLUB\CM-CLUB\Home\Model\MessageModel.class.php 第 32 行.

[ 2016-01-30T21:00:08+08:00 ] ::1 /CM-CLUB/index.php/Home/Message/getMessage
INFO: [ app_begin ] --START--
INFO: Run Behavior\ReadHtmlCacheBehavior [ RunTime:0.002000s ]
INFO: [ app_begin ] --END-- [ RunTime:0.003000s ]
SQL: SHOW COLUMNS FROM `message` [ RunTime:0.0050s ]
SQL: SHOW COLUMNS FROM `message` [ RunTime:0.0050s ]
SQL: SELECT * FROM `message`  [ RunTime:0.0010s ]
NOTIC: [8] Undefined offset: 11 D:\XAMPP\htdocs\CM-CLUB\CM-CLUB\Home\Model\MessageModel.class.php 第 32 行.

[ 2016-01-30T21:01:29+08:00 ] ::1 /CM-CLUB/index.php/Home/Message/getMessage
INFO: [ app_begin ] --START--
INFO: Run Behavior\ReadHtmlCacheBehavior [ RunTime:0.003001s ]
INFO: [ app_begin ] --END-- [ RunTime:0.004001s ]
SQL: SHOW COLUMNS FROM `message` [ RunTime:0.0060s ]
SQL: SHOW COLUMNS FROM `message` [ RunTime:0.0060s ]
SQL: SELECT * FROM `message`  [ RunTime:0.0040s ]
NOTIC: [8] Undefined offset: 12 D:\XAMPP\htdocs\CM-CLUB\CM-CLUB\Home\Model\MessageModel.class.php 第 32 行.

[ 2016-01-30T21:26:21+08:00 ] ::1 /CM-CLUB/index.php/Home/Message/getMessage
INFO: [ app_begin ] --START--
INFO: Run Behavior\ReadHtmlCacheBehavior [ RunTime:0.003000s ]
INFO: [ app_begin ] --END-- [ RunTime:0.004000s ]
SQL: SHOW COLUMNS FROM `message` [ RunTime:0.0840s ]
SQL: SHOW COLUMNS FROM `message` [ RunTime:0.0070s ]
SQL: SELECT * FROM `message`  [ RunTime:0.0020s ]
NOTIC: [8] Undefined offset: 12 D:\XAMPP\htdocs\CM-CLUB\CM-CLUB\Home\Model\MessageModel.class.php 第 32 行.

[ 2016-01-30T21:26:40+08:00 ] ::1 /CM-CLUB/index.php/Home/Message/getMessage
INFO: [ app_begin ] --START--
INFO: Run Behavior\ReadHtmlCacheBehavior [ RunTime:0.002000s ]
INFO: [ app_begin ] --END-- [ RunTime:0.002000s ]
SQL: SHOW COLUMNS FROM `message` [ RunTime:0.0060s ]
SQL: SHOW COLUMNS FROM `message` [ RunTime:0.0070s ]
SQL: SELECT * FROM `message`  [ RunTime:0.0040s ]
NOTIC: [8] Undefined offset: 12 D:\XAMPP\htdocs\CM-CLUB\CM-CLUB\Home\Model\MessageModel.class.php 第 32 行.

[ 2016-01-30T21:30:35+08:00 ] ::1 /CM-CLUB/index.php/Home/Message/getMessage
INFO: [ app_begin ] --START--
INFO: Run Behavior\ReadHtmlCacheBehavior [ RunTime:0.003001s ]
INFO: [ app_begin ] --END-- [ RunTime:0.004001s ]
SQL: SHOW COLUMNS FROM `message` [ RunTime:0.0070s ]
SQL: SHOW COLUMNS FROM `message` [ RunTime:0.0090s ]
SQL: SELECT * FROM `message`  [ RunTime:0.0020s ]
NOTIC: [8] Undefined offset: 12 D:\XAMPP\htdocs\CM-CLUB\CM-CLUB\Home\Model\MessageModel.class.php 第 32 行.

[ 2016-01-30T21:34:31+08:00 ] ::1 /CM-CLUB/index.php/Home/Message/getMessage
INFO: [ app_begin ] --START--
INFO: Run Behavior\ReadHtmlCacheBehavior [ RunTime:0.002000s ]
INFO: [ app_begin ] --END-- [ RunTime:0.003000s ]
SQL: SHOW COLUMNS FROM `message` [ RunTime:0.0080s ]
SQL: SHOW COLUMNS FROM `message` [ RunTime:0.0080s ]
SQL: SELECT * FROM `message`  [ RunTime:0.0010s ]
NOTIC: [8] Undefined offset: 12 D:\XAMPP\htdocs\CM-CLUB\CM-CLUB\Home\Model\MessageModel.class.php 第 32 行.

[ 2016-01-30T21:36:32+08:00 ] ::1 /CM-CLUB/index.php/Home/Message/getMessage
INFO: [ app_begin ] --START--
INFO: Run Behavior\ReadHtmlCacheBehavior [ RunTime:0.002000s ]
INFO: [ app_begin ] --END-- [ RunTime:0.003000s ]
SQL: SHOW COLUMNS FROM `message` [ RunTime:0.0080s ]
SQL: SHOW COLUMNS FROM `message` [ RunTime:0.0070s ]
SQL: SELECT * FROM `message`  [ RunTime:0.0020s ]
NOTIC: [8] Undefined offset: 12 D:\XAMPP\htdocs\CM-CLUB\CM-CLUB\Home\Model\MessageModel.class.php 第 32 行.

[ 2016-01-30T21:37:06+08:00 ] ::1 /CM-CLUB/index.php/Home/Message/getMessage
INFO: [ app_begin ] --START--
INFO: Run Behavior\ReadHtmlCacheBehavior [ RunTime:0.003000s ]
INFO: [ app_begin ] --END-- [ RunTime:0.004000s ]
SQL: SHOW COLUMNS FROM `message` [ RunTime:0.0090s ]
SQL: SHOW COLUMNS FROM `message` [ RunTime:0.0070s ]
SQL: SELECT * FROM `message`  [ RunTime:0.0010s ]
NOTIC: [8] Undefined offset: 12 D:\XAMPP\htdocs\CM-CLUB\CM-CLUB\Home\Model\MessageModel.class.php 第 32 行.

[ 2016-01-30T21:37:30+08:00 ] ::1 /CM-CLUB/index.php/Home/Message/getMessage
INFO: [ app_begin ] --START--
INFO: Run Behavior\ReadHtmlCacheBehavior [ RunTime:0.004000s ]
INFO: [ app_begin ] --END-- [ RunTime:0.006000s ]
SQL: SHOW COLUMNS FROM `message` [ RunTime:0.0090s ]
SQL: SHOW COLUMNS FROM `message` [ RunTime:0.0090s ]
SQL: SELECT * FROM `message`  [ RunTime:0.0010s ]
NOTIC: [8] Undefined offset: 12 D:\XAMPP\htdocs\CM-CLUB\CM-CLUB\Home\Model\MessageModel.class.php 第 32 行.

[ 2016-01-30T21:37:52+08:00 ] ::1 /CM-CLUB/index.php/Home/Message/getMessage
INFO: [ app_begin ] --START--
INFO: Run Behavior\ReadHtmlCacheBehavior [ RunTime:0.003000s ]
INFO: [ app_begin ] --END-- [ RunTime:0.003000s ]
SQL: SHOW COLUMNS FROM `message` [ RunTime:0.0070s ]
SQL: SHOW COLUMNS FROM `message` [ RunTime:0.0070s ]
SQL: SELECT * FROM `message`  [ RunTime:0.0010s ]
NOTIC: [8] Undefined offset: 12 D:\XAMPP\htdocs\CM-CLUB\CM-CLUB\Home\Model\MessageModel.class.php 第 32 行.

[ 2016-01-30T21:41:14+08:00 ] ::1 /CM-CLUB/index.php/Home/Message/getMessage
INFO: [ app_begin ] --START--
INFO: Run Behavior\ReadHtmlCacheBehavior [ RunTime:0.015001s ]
INFO: [ app_begin ] --END-- [ RunTime:0.041002s ]
SQL: SHOW COLUMNS FROM `message` [ RunTime:0.0060s ]
SQL: SHOW COLUMNS FROM `message` [ RunTime:0.0070s ]
SQL: SELECT * FROM `message`  [ RunTime:0.0010s ]
NOTIC: [8] Undefined offset: 12 D:\XAMPP\htdocs\CM-CLUB\CM-CLUB\Home\Model\MessageModel.class.php 第 32 行.

[ 2016-01-30T21:46:06+08:00 ] ::1 /CM-CLUB/index.php/Home/Message/getMessage
INFO: [ app_begin ] --START--
INFO: Run Behavior\ReadHtmlCacheBehavior [ RunTime:0.002000s ]
INFO: [ app_begin ] --END-- [ RunTime:0.003000s ]
SQL: SHOW COLUMNS FROM `message` [ RunTime:0.0070s ]
SQL: SHOW COLUMNS FROM `message` [ RunTime:0.0060s ]
SQL: SELECT * FROM `message`  [ RunTime:0.0020s ]
NOTIC: [8] Undefined offset: 12 D:\XAMPP\htdocs\CM-CLUB\CM-CLUB\Home\Model\MessageModel.class.php 第 32 行.

[ 2016-01-30T21:46:30+08:00 ] ::1 /CM-CLUB/index.php/Home/Message/getMessage
INFO: [ app_begin ] --START--
INFO: Run Behavior\ReadHtmlCacheBehavior [ RunTime:0.005001s ]
INFO: [ app_begin ] --END-- [ RunTime:0.010001s ]
SQL: SHOW COLUMNS FROM `message` [ RunTime:0.0140s ]
SQL: SHOW COLUMNS FROM `message` [ RunTime:0.0100s ]
SQL: SELECT * FROM `message`  [ RunTime:0.0020s ]
NOTIC: [8] Undefined offset: 12 D:\XAMPP\htdocs\CM-CLUB\CM-CLUB\Home\Model\MessageModel.class.php 第 32 行.

[ 2016-01-30T21:47:22+08:00 ] ::1 /CM-CLUB/index.php/Home/Message/getMessage
INFO: [ app_begin ] --START--
INFO: Run Behavior\ReadHtmlCacheBehavior [ RunTime:0.013001s ]
INFO: [ app_begin ] --END-- [ RunTime:0.013001s ]
SQL: SHOW COLUMNS FROM `message` [ RunTime:0.0060s ]
SQL: SHOW COLUMNS FROM `message` [ RunTime:0.0080s ]
SQL: SELECT * FROM `message`  [ RunTime:0.0020s ]
NOTIC: [8] Undefined offset: 12 D:\XAMPP\htdocs\CM-CLUB\CM-CLUB\Home\Model\MessageModel.class.php 第 32 行.

[ 2016-01-30T21:48:31+08:00 ] ::1 /CM-CLUB/index.php/Home/Message/getMessage
INFO: [ app_begin ] --START--
INFO: Run Behavior\ReadHtmlCacheBehavior [ RunTime:0.001000s ]
INFO: [ app_begin ] --END-- [ RunTime:0.002000s ]
SQL: SHOW COLUMNS FROM `message` [ RunTime:0.0040s ]
SQL: SHOW COLUMNS FROM `message` [ RunTime:0.0080s ]
SQL: SELECT * FROM `message`  [ RunTime:0.0010s ]
NOTIC: [8] Undefined offset: 12 D:\XAMPP\htdocs\CM-CLUB\CM-CLUB\Home\Model\MessageModel.class.php 第 32 行.

[ 2016-01-30T21:49:40+08:00 ] ::1 /CM-CLUB/index.php/Home/Message/getMessage
INFO: [ app_begin ] --START--
INFO: Run Behavior\ReadHtmlCacheBehavior [ RunTime:0.001000s ]
INFO: [ app_begin ] --END-- [ RunTime:0.001000s ]
SQL: SHOW COLUMNS FROM `message` [ RunTime:0.0050s ]
SQL: SHOW COLUMNS FROM `message` [ RunTime:0.0040s ]
SQL: SELECT * FROM `message`  [ RunTime:0.0010s ]
NOTIC: [8] Undefined offset: 12 D:\XAMPP\htdocs\CM-CLUB\CM-CLUB\Home\Model\MessageModel.class.php 第 32 行.

[ 2016-01-30T21:50:19+08:00 ] ::1 /CM-CLUB/index.php/Home/Message/getMessage
INFO: [ app_begin ] --START--
INFO: Run Behavior\ReadHtmlCacheBehavior [ RunTime:0.001000s ]
INFO: [ app_begin ] --END-- [ RunTime:0.002000s ]
SQL: SHOW COLUMNS FROM `message` [ RunTime:0.0100s ]
SQL: SHOW COLUMNS FROM `message` [ RunTime:0.0060s ]
SQL: SELECT * FROM `message`  [ RunTime:0.0020s ]
NOTIC: [8] Undefined offset: 12 D:\XAMPP\htdocs\CM-CLUB\CM-CLUB\Home\Model\MessageModel.class.php 第 32 行.

[ 2016-01-30T21:51:48+08:00 ] ::1 /CM-CLUB/index.php/Home/Message/getMessage
INFO: [ app_begin ] --START--
INFO: Run Behavior\ReadHtmlCacheBehavior [ RunTime:0.008000s ]
INFO: [ app_begin ] --END-- [ RunTime:0.010000s ]
SQL: SHOW COLUMNS FROM `message` [ RunTime:0.0060s ]
SQL: SHOW COLUMNS FROM `message` [ RunTime:0.0060s ]
SQL: SELECT * FROM `message`  [ RunTime:0.0010s ]
NOTIC: [8] Undefined offset: 12 D:\XAMPP\htdocs\CM-CLUB\CM-CLUB\Home\Model\MessageModel.class.php 第 32 行.

[ 2016-01-30T21:52:06+08:00 ] ::1 /CM-CLUB/index.php/Home/Message/getMessage
INFO: [ app_begin ] --START--
INFO: Run Behavior\ReadHtmlCacheBehavior [ RunTime:0.002000s ]
INFO: [ app_begin ] --END-- [ RunTime:0.003000s ]
SQL: SHOW COLUMNS FROM `message` [ RunTime:0.0060s ]
SQL: SHOW COLUMNS FROM `message` [ RunTime:0.0050s ]
SQL: SELECT * FROM `message`  [ RunTime:0.0010s ]
NOTIC: [8] Undefined offset: 12 D:\XAMPP\htdocs\CM-CLUB\CM-CLUB\Home\Model\MessageModel.class.php 第 32 行.

[ 2016-01-30T21:52:19+08:00 ] ::1 /CM-CLUB/index.php/Home/Message/getMessage
INFO: [ app_begin ] --START--
INFO: Run Behavior\ReadHtmlCacheBehavior [ RunTime:0.002000s ]
INFO: [ app_begin ] --END-- [ RunTime:0.005000s ]
SQL: SHOW COLUMNS FROM `message` [ RunTime:0.0100s ]
SQL: SHOW COLUMNS FROM `message` [ RunTime:0.0100s ]
SQL: SELECT * FROM `message`  [ RunTime:0.0010s ]
NOTIC: [8] Undefined offset: 12 D:\XAMPP\htdocs\CM-CLUB\CM-CLUB\Home\Model\MessageModel.class.php 第 32 行.

[ 2016-01-30T21:52:31+08:00 ] ::1 /CM-CLUB/index.php/Home/Message/getMessage
INFO: [ app_begin ] --START--
INFO: Run Behavior\ReadHtmlCacheBehavior [ RunTime:0.002000s ]
INFO: [ app_begin ] --END-- [ RunTime:0.003000s ]
SQL: SHOW COLUMNS FROM `message` [ RunTime:0.0060s ]
SQL: SHOW COLUMNS FROM `message` [ RunTime:0.0080s ]
SQL: SELECT * FROM `message`  [ RunTime:0.0020s ]
NOTIC: [8] Undefined offset: 12 D:\XAMPP\htdocs\CM-CLUB\CM-CLUB\Home\Model\MessageModel.class.php 第 32 行.

[ 2016-01-30T21:53:07+08:00 ] ::1 /CM-CLUB/index.php/Home/Message/getMessage
INFO: [ app_begin ] --START--
INFO: Run Behavior\ReadHtmlCacheBehavior [ RunTime:0.002000s ]
INFO: [ app_begin ] --END-- [ RunTime:0.003000s ]
SQL: SHOW COLUMNS FROM `message` [ RunTime:0.0100s ]
SQL: SHOW COLUMNS FROM `message` [ RunTime:0.0080s ]
SQL: SELECT * FROM `message`  [ RunTime:0.0010s ]
NOTIC: [8] Undefined offset: 12 D:\XAMPP\htdocs\CM-CLUB\CM-CLUB\Home\Model\MessageModel.class.php 第 32 行.

[ 2016-01-30T21:55:11+08:00 ] ::1 /CM-CLUB/index.php/Home/Message/getMessage
INFO: [ app_begin ] --START--
INFO: Run Behavior\ReadHtmlCacheBehavior [ RunTime:0.002000s ]
INFO: [ app_begin ] --END-- [ RunTime:0.002000s ]
SQL: SHOW COLUMNS FROM `message` [ RunTime:0.0060s ]
SQL: SHOW COLUMNS FROM `message` [ RunTime:0.0060s ]
SQL: SELECT * FROM `message`  [ RunTime:0.0040s ]
NOTIC: [8] Undefined offset: 3 D:\XAMPP\htdocs\CM-CLUB\CM-CLUB\Home\Model\MessageModel.class.php 第 32 行.

[ 2016-01-30T21:56:02+08:00 ] ::1 /CM-CLUB/index.php/Home/Message/getMessage
INFO: [ app_begin ] --START--
INFO: Run Behavior\ReadHtmlCacheBehavior [ RunTime:0.009001s ]
INFO: [ app_begin ] --END-- [ RunTime:0.010001s ]
SQL: SHOW COLUMNS FROM `message` [ RunTime:0.0060s ]
SQL: SHOW COLUMNS FROM `message` [ RunTime:0.0060s ]
ERR: 1054:Unknown column 'id' in 'order clause'
 [ SQL语句 ] : SELECT * FROM `message` ORDER BY id desc 
ERR: 1054:Unknown column 'id' in 'order clause'
 [ SQL语句 ] : SELECT * FROM `message` ORDER BY id desc 

[ 2016-01-30T21:58:48+08:00 ] ::1 /CM-CLUB/index.php/Home/Message/getMessage
INFO: [ app_begin ] --START--
INFO: Run Behavior\ReadHtmlCacheBehavior [ RunTime:0.002000s ]
INFO: [ app_begin ] --END-- [ RunTime:0.004000s ]
SQL: SHOW COLUMNS FROM `message` [ RunTime:0.0060s ]
SQL: SHOW COLUMNS FROM `message` [ RunTime:0.0070s ]
SQL: SELECT * FROM `message` ORDER BY time desc  [ RunTime:0.0630s ]
NOTIC: [8] Undefined offset: 3 D:\XAMPP\htdocs\CM-CLUB\CM-CLUB\Home\Model\MessageModel.class.php 第 32 行.

[ 2016-01-30T21:59:35+08:00 ] ::1 /CM-CLUB/index.php/Home/Message/getMessage
INFO: [ app_begin ] --START--
INFO: Run Behavior\ReadHtmlCacheBehavior [ RunTime:0.002000s ]
INFO: [ app_begin ] --END-- [ RunTime:0.003000s ]
SQL: SHOW COLUMNS FROM `message` [ RunTime:0.0070s ]
SQL: SHOW COLUMNS FROM `message` [ RunTime:0.0090s ]
SQL: SELECT * FROM `message` ORDER BY time desc  [ RunTime:0.0020s ]
NOTIC: [8] Undefined offset: 4 D:\XAMPP\htdocs\CM-CLUB\CM-CLUB\Home\Model\MessageModel.class.php 第 32 行.

[ 2016-01-30T22:00:06+08:00 ] ::1 /CM-CLUB/index.php/Home/Message/getMessage
INFO: [ app_begin ] --START--
INFO: Run Behavior\ReadHtmlCacheBehavior [ RunTime:0.002001s ]
INFO: [ app_begin ] --END-- [ RunTime:0.003001s ]
SQL: SHOW COLUMNS FROM `message` [ RunTime:0.0070s ]
SQL: SHOW COLUMNS FROM `message` [ RunTime:0.0080s ]
SQL: SELECT * FROM `message` ORDER BY time desc  [ RunTime:0.0000s ]
NOTIC: [8] Undefined offset: 4 D:\XAMPP\htdocs\CM-CLUB\CM-CLUB\Home\Model\MessageModel.class.php 第 32 行.

