[ 2016-01-28T12:50:34+08:00 ] 127.0.0.1 /CM-CLUB/Home/View/Index/index.html
ERR: 无法加载控制器:View

[ 2016-01-28T12:50:34+08:00 ] ::1 /CM-CLUB/Home/View/Index/index.html
ERR: 无法加载控制器:View

[ 2016-01-28T12:50:38+08:00 ] 127.0.0.1 /CM-CLUB/Home/View/Index/index.html
ERR: 无法加载控制器:View

[ 2016-01-28T18:53:29+08:00 ] ::1 /CM-CLUB/
ERR: 1146:Table 'cm_club.file' doesn't exist
 [ SQL语句 ] : SHOW COLUMNS FROM `file`

[ 2016-01-28T18:55:26+08:00 ] ::1 /CM-CLUB/
ERR: 1146:Table 'cm_club.my_file' doesn't exist
 [ SQL语句 ] : SHOW COLUMNS FROM `my_file`

[ 2016-01-28T18:56:17+08:00 ] ::1 /CM-CLUB/
ERR: 1146:Table 'cm_club.my_file' doesn't exist
 [ SQL语句 ] : SHOW COLUMNS FROM `my_file`

[ 2016-01-28T18:56:47+08:00 ] ::1 /CM-CLUB/
ERR: 1146:Table 'cm_club.my_file' doesn't exist
 [ SQL语句 ] : SHOW COLUMNS FROM `my_file`

[ 2016-01-28T18:56:51+08:00 ] ::1 /CM-CLUB/
ERR: 1146:Table 'cm_club.my_file' doesn't exist
 [ SQL语句 ] : SHOW COLUMNS FROM `my_file`

[ 2016-01-28T18:57:27+08:00 ] ::1 /CM-CLUB/
ERR: 1146:Table 'cm_club.my_file' doesn't exist
 [ SQL语句 ] : SHOW COLUMNS FROM `my_file`

[ 2016-01-28T18:58:20+08:00 ] ::1 /CM-CLUB/
ERR: 1146:Table 'cm_club.my_file' doesn't exist
 [ SQL语句 ] : SHOW COLUMNS FROM `my_file`

[ 2016-01-28T19:15:29+08:00 ] ::1 /CM-CLUB/
ERR: 1146:Table 'cm_club.my_file' doesn't exist
 [ SQL语句 ] : SHOW COLUMNS FROM `my_file`

[ 2016-01-28T19:16:28+08:00 ] ::1 /CM-CLUB/
ERR: 1146:Table 'cm_club.my_file' doesn't exist
 [ SQL语句 ] : SHOW COLUMNS FROM `my_file`

[ 2016-01-28T19:21:14+08:00 ] ::1 /CM-CLUB/Index.php/Home/MyFile/get
ERR: 1146:Table 'cm_club.my_file' doesn't exist
 [ SQL语句 ] : SHOW COLUMNS FROM `my_file`

[ 2016-01-28T19:24:29+08:00 ] ::1 /CM-CLUB/Index.php/Home/MyFile/get
ERR: 1146:Table 'cm_club.my_file' doesn't exist
 [ SQL语句 ] : SHOW COLUMNS FROM `my_file`

[ 2016-01-28T19:25:11+08:00 ] ::1 /CM-CLUB/Index.php/Home/MyFile/get
ERR: 1146:Table 'cm_club.my_file' doesn't exist
 [ SQL语句 ] : SHOW COLUMNS FROM `my_file`

[ 2016-01-28T19:27:33+08:00 ] ::1 /CM-CLUB/
ERR: 1146:Table 'cm_club.my_file' doesn't exist
 [ SQL语句 ] : SHOW COLUMNS FROM `my_file`

[ 2016-01-28T19:29:16+08:00 ] ::1 /CM-CLUB/
ERR: 1146:Table 'cm_club.felix' doesn't exist
 [ SQL语句 ] : SHOW COLUMNS FROM `felix`

[ 2016-01-28T19:31:01+08:00 ] ::1 /CM-CLUB/
ERR: 1146:Table 'cm_club.felix' doesn't exist
 [ SQL语句 ] : SHOW COLUMNS FROM `felix`

[ 2016-01-28T19:35:09+08:00 ] ::1 /CM-CLUB/Index.php/Home/MyFile/get
ERR: 1146:Table 'cm_club.my_file' doesn't exist
 [ SQL语句 ] : SHOW COLUMNS FROM `my_file`

[ 2016-01-28T19:35:12+08:00 ] ::1 /CM-CLUB/
ERR: 1146:Table 'cm_club.felix' doesn't exist
 [ SQL语句 ] : SHOW COLUMNS FROM `felix`

[ 2016-01-28T19:39:32+08:00 ] ::1 /CM-CLUB/
ERR: 1146:Table 'cm_club.felix' doesn't exist
 [ SQL语句 ] : SHOW COLUMNS FROM `felix`

