[ 2016-02-27T10:05:51+08:00 ] ::1 /CM-CLUB/index.php/Home/Message/getMessage
INFO: [ app_begin ] --START--
INFO: Run Behavior\ReadHtmlCacheBehavior [ RunTime:0.001000s ]
INFO: [ app_begin ] --END-- [ RunTime:0.002000s ]
SQL: SHOW COLUMNS FROM `message` [ RunTime:0.0860s ]
SQL: SHOW COLUMNS FROM `message` [ RunTime:0.0080s ]
SQL: SELECT * FROM `message` ORDER BY time desc  [ RunTime:0.0020s ]
NOTIC: [8] Undefined offset: 4 D:\XAMPP\htdocs\CM-CLUB\CM-CLUB\Home\Model\MessageModel.class.php 第 32 行.

[ 2016-02-27T10:09:36+08:00 ] ::1 /CM-CLUB/index.php/Home/Message/getMessage
INFO: [ app_begin ] --START--
INFO: Run Behavior\ReadHtmlCacheBehavior [ RunTime:0.001000s ]
INFO: [ app_begin ] --END-- [ RunTime:0.002000s ]
SQL: SHOW COLUMNS FROM `message` [ RunTime:0.0090s ]
SQL: SHOW COLUMNS FROM `message` [ RunTime:0.0060s ]
SQL: SELECT * FROM `message` ORDER BY time desc  [ RunTime:0.0010s ]
NOTIC: [8] Undefined offset: 4 D:\XAMPP\htdocs\CM-CLUB\CM-CLUB\Home\Model\MessageModel.class.php 第 32 行.

[ 2016-02-27T10:11:12+08:00 ] ::1 /CM-CLUB/index.php/Home/Message/getMessage
INFO: [ app_begin ] --START--
INFO: Run Behavior\ReadHtmlCacheBehavior [ RunTime:0.001000s ]
INFO: [ app_begin ] --END-- [ RunTime:0.001000s ]
SQL: SHOW COLUMNS FROM `message` [ RunTime:0.0040s ]
SQL: SHOW COLUMNS FROM `message` [ RunTime:0.0070s ]
SQL: SELECT * FROM `message` ORDER BY time desc  [ RunTime:0.0010s ]
NOTIC: [8] Undefined offset: 4 D:\XAMPP\htdocs\CM-CLUB\CM-CLUB\Home\Model\MessageModel.class.php 第 32 行.

[ 2016-02-27T10:11:26+08:00 ] ::1 /CM-CLUB/index.php/Home/Message/getMessage
INFO: [ app_begin ] --START--
INFO: Run Behavior\ReadHtmlCacheBehavior [ RunTime:0.001000s ]
INFO: [ app_begin ] --END-- [ RunTime:0.002000s ]
SQL: SHOW COLUMNS FROM `message` [ RunTime:0.0040s ]
SQL: SHOW COLUMNS FROM `message` [ RunTime:0.0040s ]
SQL: SELECT * FROM `message` ORDER BY time desc  [ RunTime:0.0000s ]
NOTIC: [8] Undefined offset: 4 D:\XAMPP\htdocs\CM-CLUB\CM-CLUB\Home\Model\MessageModel.class.php 第 32 行.

[ 2016-02-27T10:11:27+08:00 ] ::1 /CM-CLUB/index.php/Home/Message/getMessage
INFO: [ app_begin ] --START--
INFO: Run Behavior\ReadHtmlCacheBehavior [ RunTime:0.001000s ]
INFO: [ app_begin ] --END-- [ RunTime:0.001000s ]
SQL: SHOW COLUMNS FROM `message` [ RunTime:0.0040s ]
SQL: SHOW COLUMNS FROM `message` [ RunTime:0.0040s ]
SQL: SELECT * FROM `message` ORDER BY time desc  [ RunTime:0.0000s ]
NOTIC: [8] Undefined offset: 4 D:\XAMPP\htdocs\CM-CLUB\CM-CLUB\Home\Model\MessageModel.class.php 第 32 行.

[ 2016-02-27T10:11:29+08:00 ] ::1 /CM-CLUB/index.php/Home/Index/linkTo/aim/Home/Index
ERR: 模板不存在:./CM-CLUB/Home/View/Index/Home.html

[ 2016-02-27T10:11:44+08:00 ] ::1 /CM-CLUB/index.php/Home/Index/linkTo/aim/Home/Index
ERR: 模板不存在:./CM-CLUB/Home/View/Index/Home.html

[ 2016-02-27T10:11:46+08:00 ] ::1 /CM-CLUB/index.php/Home/Message/getMessage
INFO: [ app_begin ] --START--
INFO: Run Behavior\ReadHtmlCacheBehavior [ RunTime:0.001000s ]
INFO: [ app_begin ] --END-- [ RunTime:0.002000s ]
SQL: SHOW COLUMNS FROM `message` [ RunTime:0.0060s ]
SQL: SHOW COLUMNS FROM `message` [ RunTime:0.0060s ]
SQL: SELECT * FROM `message` ORDER BY time desc  [ RunTime:0.0000s ]
NOTIC: [8] Undefined offset: 4 D:\XAMPP\htdocs\CM-CLUB\CM-CLUB\Home\Model\MessageModel.class.php 第 32 行.

[ 2016-02-27T10:11:48+08:00 ] ::1 /CM-CLUB/index.php/Home/Message/getMessage
INFO: [ app_begin ] --START--
INFO: Run Behavior\ReadHtmlCacheBehavior [ RunTime:0.000000s ]
INFO: [ app_begin ] --END-- [ RunTime:0.001000s ]
SQL: SHOW COLUMNS FROM `message` [ RunTime:0.0040s ]
SQL: SHOW COLUMNS FROM `message` [ RunTime:0.0030s ]
SQL: SELECT * FROM `message` ORDER BY time desc  [ RunTime:0.0000s ]
NOTIC: [8] Undefined offset: 4 D:\XAMPP\htdocs\CM-CLUB\CM-CLUB\Home\Model\MessageModel.class.php 第 32 行.

[ 2016-02-27T10:14:20+08:00 ] ::1 /CM-CLUB/index.php/Home/Message/getMessage
INFO: [ app_begin ] --START--
INFO: Run Behavior\ReadHtmlCacheBehavior [ RunTime:0.001000s ]
INFO: [ app_begin ] --END-- [ RunTime:0.002000s ]
SQL: SHOW COLUMNS FROM `message` [ RunTime:0.0070s ]
SQL: SHOW COLUMNS FROM `message` [ RunTime:0.0060s ]
SQL: SELECT * FROM `message` ORDER BY time desc  [ RunTime:0.0010s ]
NOTIC: [8] Undefined offset: 4 D:\XAMPP\htdocs\CM-CLUB\CM-CLUB\Home\Model\MessageModel.class.php 第 32 行.

[ 2016-02-27T10:14:59+08:00 ] ::1 /CM-CLUB/index.php/Home/Message/getMessage
INFO: [ app_begin ] --START--
INFO: Run Behavior\ReadHtmlCacheBehavior [ RunTime:0.001000s ]
INFO: [ app_begin ] --END-- [ RunTime:0.002000s ]
SQL: SHOW COLUMNS FROM `message` [ RunTime:0.0060s ]
SQL: SHOW COLUMNS FROM `message` [ RunTime:0.0060s ]
SQL: SELECT * FROM `message` ORDER BY time desc  [ RunTime:0.0030s ]
NOTIC: [8] Undefined offset: 4 D:\XAMPP\htdocs\CM-CLUB\CM-CLUB\Home\Model\MessageModel.class.php 第 32 行.

[ 2016-02-27T10:15:54+08:00 ] ::1 /CM-CLUB/index.php/Home/Message/getMessage
INFO: [ app_begin ] --START--
INFO: Run Behavior\ReadHtmlCacheBehavior [ RunTime:0.001000s ]
INFO: [ app_begin ] --END-- [ RunTime:0.002000s ]
SQL: SHOW COLUMNS FROM `message` [ RunTime:0.0060s ]
SQL: SHOW COLUMNS FROM `message` [ RunTime:0.0060s ]
SQL: SELECT * FROM `message` ORDER BY time desc  [ RunTime:0.0010s ]
NOTIC: [8] Undefined offset: 4 D:\XAMPP\htdocs\CM-CLUB\CM-CLUB\Home\Model\MessageModel.class.php 第 32 行.

[ 2016-02-27T10:16:16+08:00 ] ::1 /CM-CLUB/index.php/Home/Message/getMessage
INFO: [ app_begin ] --START--
INFO: Run Behavior\ReadHtmlCacheBehavior [ RunTime:0.001000s ]
INFO: [ app_begin ] --END-- [ RunTime:0.002000s ]
SQL: SHOW COLUMNS FROM `message` [ RunTime:0.0070s ]
SQL: SHOW COLUMNS FROM `message` [ RunTime:0.0070s ]
SQL: SELECT * FROM `message` ORDER BY time desc  [ RunTime:0.0010s ]
NOTIC: [8] Undefined offset: 4 D:\XAMPP\htdocs\CM-CLUB\CM-CLUB\Home\Model\MessageModel.class.php 第 32 行.

[ 2016-02-27T10:27:34+08:00 ] ::1 /CM-CLUB/index.php/Home/Message/getMessage
INFO: [ app_begin ] --START--
INFO: Run Behavior\ReadHtmlCacheBehavior [ RunTime:0.001000s ]
INFO: [ app_begin ] --END-- [ RunTime:0.002001s ]
SQL: SHOW COLUMNS FROM `message` [ RunTime:0.0060s ]
SQL: SHOW COLUMNS FROM `message` [ RunTime:0.0070s ]
SQL: SELECT * FROM `message` ORDER BY time desc  [ RunTime:0.0010s ]
NOTIC: [8] Undefined offset: 4 D:\XAMPP\htdocs\CM-CLUB\CM-CLUB\Home\Model\MessageModel.class.php 第 32 行.

