[ 2016-01-30T00:01:51+08:00 ] ::1 /CM-CLUB/Public/images/bg.jpg
ERR: 无法加载模块:Public

[ 2016-01-30T10:43:47+08:00 ] ::1 /CM-CLUB/Public/images/bg.jpg
ERR: 无法加载模块:Public

[ 2016-01-30T11:03:52+08:00 ] ::1 /CM-CLUB/Public/images/bg.jpg
ERR: 无法加载模块:Public

[ 2016-01-30T12:31:34+08:00 ] ::1 /CM-CLUB/linkTo/aim/message
ERR: 无法加载模块:LinkTo

[ 2016-01-30T12:32:47+08:00 ] ::1 /CM-CLUB/index.php/Index/linkTo/aim/message
ERR: 无法加载模块:Index

[ 2016-01-30T12:33:02+08:00 ] ::1 /CM-CLUB/Public/editor/js/message.js
ERR: 无法加载模块:Public

[ 2016-01-30T12:34:02+08:00 ] ::1 /CM-CLUB/Public/editor/js/message.js
ERR: 无法加载模块:Public

[ 2016-01-30T12:34:18+08:00 ] ::1 /CM-CLUB/Public/editor/js/message.js
ERR: 无法加载模块:Public

[ 2016-01-30T12:34:28+08:00 ] ::1 /CM-CLUB/Public/editor/js/message.js
ERR: 无法加载模块:Public

[ 2016-01-30T14:30:57+08:00 ] ::1 /CM-CLUB/Public/IndexCss/__PUBLIC__/IndexImg/mesTextBox.png
ERR: 无法加载模块:Public

[ 2016-01-30T15:29:58+08:00 ] ::1 /CM-CLUB/Public/IndexImg/man.png
ERR: 无法加载模块:Public

[ 2016-01-30T15:30:00+08:00 ] ::1 /CM-CLUB/Public/IndexImg/man.png
ERR: 无法加载模块:Public

[ 2016-01-30T18:38:13+08:00 ] ::1 /CM-CLUB/Public/images/bg.jpg
ERR: 无法加载模块:Public

[ 2016-01-30T19:31:18+08:00 ] ::1 /CM-CLUB/Public/images/bg.jpg
ERR: 无法加载模块:Public

[ 2016-01-30T19:36:29+08:00 ] ::1 /CM-CLUB/Public/images/bg.jpg
ERR: 无法加载模块:Public

[ 2016-01-30T20:01:56+08:00 ] ::1 /CM-CLUB/Public/images/bg.jpg
ERR: 无法加载模块:Public

[ 2016-01-30T20:02:39+08:00 ] ::1 /CM-CLUB/Public/images/bg.jpg
ERR: 无法加载模块:Public

[ 2016-01-30T20:08:11+08:00 ] ::1 /CM-CLUB/Public/images/bg.jpg
ERR: 无法加载模块:Public

[ 2016-01-30T20:10:30+08:00 ] ::1 /CM-CLUB/Public/images/bg.jpg
ERR: 无法加载模块:Public

[ 2016-01-30T20:10:53+08:00 ] ::1 /CM-CLUB/Public/images/bg.jpg
ERR: 无法加载模块:Public

[ 2016-01-30T20:11:49+08:00 ] ::1 /CM-CLUB/Public/images/bg.jpg
ERR: 无法加载模块:Public

[ 2016-01-30T20:19:35+08:00 ] ::1 /CM-CLUB/Public/images/bg.jpg
ERR: 无法加载模块:Public

[ 2016-01-30T20:27:34+08:00 ] ::1 /CM-CLUB/Public/images/bg.jpg
ERR: 无法加载模块:Public

[ 2016-01-30T20:27:45+08:00 ] ::1 /CM-CLUB/Public/images/bg.jpg
ERR: 无法加载模块:Public

[ 2016-01-30T20:29:28+08:00 ] ::1 /CM-CLUB/Public/images/bg.jpg
ERR: 无法加载模块:Public

[ 2016-01-30T21:59:58+08:00 ] ::1 /CM-CLUB/Public/images/bg.jpg
ERR: 无法加载模块:Public

