[ 2016-01-27T10:18:36+08:00 ] ::1 /CM-CLUB/Public/images/bg.jpg
ERR: 无法加载模块:Public

[ 2016-01-27T13:00:09+08:00 ] ::1 /CM-CLUB/CM-CLUB/Home/View/Login/__PUBLIC__/LoginCss/demo.css
ERR: 无法加载模块:CM-CLUB

[ 2016-01-27T13:00:10+08:00 ] ::1 /CM-CLUB/CM-CLUB/Home/View/Login/__PUBLIC__/LoginCss/animate-custom.css
ERR: 无法加载模块:CM-CLUB

[ 2016-01-27T13:00:10+08:00 ] ::1 /CM-CLUB/CM-CLUB/Home/View/Login/__PUBLIC__/LoginCss/style.css
ERR: 无法加载模块:CM-CLUB

[ 2016-01-27T13:00:10+08:00 ] ::1 /CM-CLUB/CM-CLUB/Home/View/favicon.ico
ERR: 无法加载模块:CM-CLUB

[ 2016-01-27T13:00:26+08:00 ] ::1 /CM-CLUB/Public/images/bg.jpg
ERR: 无法加载模块:Public

[ 2016-01-27T13:01:56+08:00 ] ::1 /CM-CLUB/Public/images/bg.jpg
ERR: 无法加载模块:Public

[ 2016-01-27T14:25:14+08:00 ] ::1 /CM-CLUB/Login/login
ERR: 无法加载模块:Login

[ 2016-01-27T14:26:19+08:00 ] ::1 /CM-CLUB/Index
ERR: 无法加载模块:Index

[ 2016-01-27T20:12:49+08:00 ] ::1 /CM-CLUB/Public/images/bg.jpg
ERR: 无法加载模块:Public

[ 2016-01-27T20:12:55+08:00 ] ::1 /CM-CLUB/User/login
ERR: 无法加载模块:User

[ 2016-01-27T20:22:46+08:00 ] ::1 /CM-CLUB/Public/images/bg.jpg
ERR: 无法加载模块:Public

[ 2016-01-27T20:22:51+08:00 ] ::1 /CM-CLUB/Public/images/bg.jpg
ERR: 无法加载模块:Public

[ 2016-01-27T20:22:55+08:00 ] ::1 /CM-CLUB/Public/images/bg.jpg
ERR: 无法加载模块:Public

[ 2016-01-27T20:35:31+08:00 ] ::1 /CM-CLUB/Public/images/bg.jpg
ERR: 无法加载模块:Public

[ 2016-01-27T21:07:06+08:00 ] ::1 /CM-CLUB/Public/images/bg.jpg
ERR: 无法加载模块:Public

[ 2016-01-27T21:17:15+08:00 ] ::1 /CM-CLUB/Public/images/bg.jpg
ERR: 无法加载模块:Public

[ 2016-01-27T21:17:24+08:00 ] ::1 /CM-CLUB/Public/images/bg.jpg
ERR: 无法加载模块:Public

[ 2016-01-27T21:17:34+08:00 ] ::1 /CM-CLUB/Public/images/bg.jpg
ERR: 无法加载模块:Public

[ 2016-01-27T21:29:54+08:00 ] ::1 /CM-CLUB/Public/images/bg.jpg
ERR: 无法加载模块:Public

[ 2016-01-27T21:32:01+08:00 ] ::1 /CM-CLUB/Public/images/bg.jpg
ERR: 无法加载模块:Public

