[ 2016-01-29T18:36:59+08:00 ] ::1 /CM-CLUB/Public/images/bg.jpg
ERR: 无法加载模块:Public

[ 2016-01-29T18:44:38+08:00 ] ::1 /CM-CLUB/Public/IndexCss/Common.css
ERR: 无法加载模块:Public

[ 2016-01-29T18:45:26+08:00 ] ::1 /CM-CLUB/Public/IndexCss/Common.css
ERR: 无法加载模块:Public

[ 2016-01-29T18:45:29+08:00 ] ::1 /CM-CLUB/Public/IndexCss/Common.css
ERR: 无法加载模块:Public

[ 2016-01-29T20:40:15+08:00 ] ::1 /CM-CLUB/edit
ERR: 无法加载模块:Edit

[ 2016-01-29T20:40:34+08:00 ] ::1 /CM-CLUB/edit
ERR: 无法加载模块:Edit

[ 2016-01-29T21:36:06+08:00 ] ::1 /CM-CLUB/dist/css/wangEditor.css
ERR: 无法加载模块:Dist

[ 2016-01-29T21:36:07+08:00 ] ::1 /CM-CLUB/dist/js/jquery-1.10.2.min.js
ERR: 无法加载模块:Dist

[ 2016-01-29T21:36:07+08:00 ] ::1 /CM-CLUB/dist/js/wangEditor.js
ERR: 无法加载模块:Dist

[ 2016-01-29T21:36:07+08:00 ] ::1 /CM-CLUB/dist/js/editor.js
ERR: 无法加载模块:Dist

[ 2016-01-29T23:49:36+08:00 ] ::1 /CM-CLUB/testFelix
ERR: 无法加载模块:TestFelix

