[ 2016-01-28T13:32:46+08:00 ] ::1 /CM-CLUB/Public/IndexCss/__PUBLIC__/Fonts/FZY3JW.TTF
ERR: 无法加载模块:Public

[ 2016-01-28T13:34:58+08:00 ] ::1 /CM-CLUB/Public/IndexCss/__PUBLIC__/Fonts/FZY3JW.TTF
ERR: 无法加载模块:Public

[ 2016-01-28T13:37:36+08:00 ] ::1 /CM-CLUB/Public/IndexCss/__PUBLIC__/Fonts/FZY3JW.TTF
ERR: 无法加载模块:Public

[ 2016-01-28T13:40:54+08:00 ] ::1 /CM-CLUB/Public/IndexCss/__PUBLIC__/Fonts/FZY3JW.TTF
ERR: 无法加载模块:Public

[ 2016-01-28T13:41:11+08:00 ] ::1 /CM-CLUB/Public/IndexCss/__PUBLIC__/Fonts/FZY3JW.TTF
ERR: 无法加载模块:Public

[ 2016-01-28T13:41:39+08:00 ] ::1 /CM-CLUB/Public/IndexCss/__PUBLIC__/Fonts/FZY3JW.TTF
ERR: 无法加载模块:Public

[ 2016-01-28T13:42:25+08:00 ] ::1 /CM-CLUB/Public/IndexCss/__PUBLIC__/Fonts/FZY3JW.TTF
ERR: 无法加载模块:Public

[ 2016-01-28T13:42:41+08:00 ] ::1 /CM-CLUB/Public/IndexCss/__PUBLIC__/Fonts/FZY3JW.TTF
ERR: 无法加载模块:Public

[ 2016-01-28T13:42:56+08:00 ] ::1 /CM-CLUB/Public/IndexCss/__PUBLIC__/Fonts/FZY3JW.TTF
ERR: 无法加载模块:Public

[ 2016-01-28T13:43:04+08:00 ] ::1 /CM-CLUB/Public/IndexCss/__PUBLIC__/Fonts/FZY3JW.TTF
ERR: 无法加载模块:Public

[ 2016-01-28T13:44:35+08:00 ] ::1 /CM-CLUB/Public/IndexCss/__PUBLIC__/Fonts/FZY3JW.TTF
ERR: 无法加载模块:Public

[ 2016-01-28T13:44:58+08:00 ] ::1 /CM-CLUB/Public/IndexCss/__PUBLIC__/Fonts/FZY3JW.TTF
ERR: 无法加载模块:Public

[ 2016-01-28T13:45:05+08:00 ] ::1 /CM-CLUB/Public/IndexCss/__PUBLIC__/Fonts/FZY3JW.TTF
ERR: 无法加载模块:Public

[ 2016-01-28T13:45:50+08:00 ] ::1 /CM-CLUB/Public/IndexCss/__PUBLIC__/Fonts/FZY3JW.TTF
ERR: 无法加载模块:Public

[ 2016-01-28T13:46:12+08:00 ] ::1 /CM-CLUB/Public/IndexCss/__PUBLIC__/Fonts/FZY3JW.TTF
ERR: 无法加载模块:Public

[ 2016-01-28T13:46:31+08:00 ] ::1 /CM-CLUB/Public/IndexCss/__PUBLIC__/Fonts/FZY3JW.TTF
ERR: 无法加载模块:Public

[ 2016-01-28T13:46:49+08:00 ] ::1 /CM-CLUB/Public/IndexCss/__PUBLIC__/Fonts/FZY3JW.TTF
ERR: 无法加载模块:Public

[ 2016-01-28T13:47:16+08:00 ] ::1 /CM-CLUB/Public/IndexCss/__PUBLIC__/Fonts/FZY3JW.TTF
ERR: 无法加载模块:Public

[ 2016-01-28T13:48:11+08:00 ] ::1 /CM-CLUB/Public/IndexCss/__PUBLIC__/Fonts/FZY3JW.TTF
ERR: 无法加载模块:Public

[ 2016-01-28T13:49:55+08:00 ] ::1 /CM-CLUB/Public/IndexCss/__PUBLIC__/Fonts/FZY3JW.TTF
ERR: 无法加载模块:Public

[ 2016-01-28T13:50:09+08:00 ] ::1 /CM-CLUB/Public/IndexCss/__PUBLIC__/Fonts/FZY3JW.TTF
ERR: 无法加载模块:Public

[ 2016-01-28T13:50:19+08:00 ] ::1 /CM-CLUB/Public/IndexCss/__PUBLIC__/Fonts/FZY3JW.TTF
ERR: 无法加载模块:Public

[ 2016-01-28T13:50:40+08:00 ] ::1 /CM-CLUB/Public/IndexCss/__PUBLIC__/Fonts/FZY3JW.TTF
ERR: 无法加载模块:Public

[ 2016-01-28T13:50:48+08:00 ] ::1 /CM-CLUB/Public/IndexCss/__PUBLIC__/Fonts/FZY3JW.TTF
ERR: 无法加载模块:Public

[ 2016-01-28T13:51:14+08:00 ] ::1 /CM-CLUB/Public/IndexCss/__PUBLIC__/Fonts/FZY3JW.TTF
ERR: 无法加载模块:Public

[ 2016-01-28T13:51:35+08:00 ] ::1 /CM-CLUB/Public/IndexCss/__PUBLIC__/Fonts/FZY3JW.TTF
ERR: 无法加载模块:Public

[ 2016-01-28T13:51:48+08:00 ] ::1 /CM-CLUB/Public/IndexCss/__PUBLIC__/Fonts/FZY3JW.TTF
ERR: 无法加载模块:Public

[ 2016-01-28T13:52:15+08:00 ] ::1 /CM-CLUB/Public/IndexCss/__PUBLIC__/Fonts/FZY3JW.TTF
ERR: 无法加载模块:Public

[ 2016-01-28T13:52:24+08:00 ] ::1 /CM-CLUB/Public/IndexCss/__PUBLIC__/Fonts/FZY3JW.TTF
ERR: 无法加载模块:Public

[ 2016-01-28T13:52:32+08:00 ] ::1 /CM-CLUB/Public/IndexCss/__PUBLIC__/Fonts/FZY3JW.TTF
ERR: 无法加载模块:Public

[ 2016-01-28T13:53:12+08:00 ] ::1 /CM-CLUB/Public/IndexCss/__PUBLIC__/Fonts/FZY3JW.TTF
ERR: 无法加载模块:Public

[ 2016-01-28T13:53:13+08:00 ] ::1 /CM-CLUB/Public/IndexCss/__PUBLIC__/Fonts/FZY3JW.TTF
ERR: 无法加载模块:Public

[ 2016-01-28T13:53:42+08:00 ] ::1 /CM-CLUB/Public/IndexCss/__PUBLIC__/Fonts/FZY3JW.TTF
ERR: 无法加载模块:Public

[ 2016-01-28T13:54:21+08:00 ] ::1 /CM-CLUB/Public/IndexCss/__PUBLIC__/Fonts/FZY3JW.TTF
ERR: 无法加载模块:Public

[ 2016-01-28T13:54:37+08:00 ] ::1 /CM-CLUB/Public/IndexCss/__PUBLIC__/Fonts/FZY3JW.TTF
ERR: 无法加载模块:Public

[ 2016-01-28T13:55:32+08:00 ] ::1 /CM-CLUB/Public/IndexCss/__PUBLIC__/Fonts/FZY3JW.TTF
ERR: 无法加载模块:Public

[ 2016-01-28T13:55:56+08:00 ] ::1 /CM-CLUB/Public/IndexCss/__PUBLIC__/Fonts/FZY3JW.TTF
ERR: 无法加载模块:Public

[ 2016-01-28T13:56:36+08:00 ] ::1 /CM-CLUB/Public/IndexCss/__PUBLIC__/Fonts/FZY3JW.TTF
ERR: 无法加载模块:Public

[ 2016-01-28T13:57:02+08:00 ] ::1 /CM-CLUB/Public/IndexCss/__PUBLIC__/Fonts/FZY3JW.TTF
ERR: 无法加载模块:Public

[ 2016-01-28T15:07:09+08:00 ] ::1 /CM-CLUB/Public/images/bg.jpg
ERR: 无法加载模块:Public

[ 2016-01-28T15:07:15+08:00 ] ::1 /CM-CLUB/Public/images/bg.jpg
ERR: 无法加载模块:Public

[ 2016-01-28T15:07:18+08:00 ] ::1 /CM-CLUB/Public/images/bg.jpg
ERR: 无法加载模块:Public

[ 2016-01-28T15:07:22+08:00 ] ::1 /CM-CLUB/Public/images/bg.jpg
ERR: 无法加载模块:Public

[ 2016-01-28T15:32:33+08:00 ] ::1 /CM-CLUB/Public/Fonts/%E6%96%B9%E6%AD%A3%E5%87%86%E5%9C%86%E7%AE%80%E4%BD%93.ttf
ERR: 无法加载模块:Public

[ 2016-01-28T16:05:23+08:00 ] ::1 /CM-CLUB/Public/IndexImg/arroeAct1.png.png
ERR: 无法加载模块:Public

[ 2016-01-28T16:05:30+08:00 ] ::1 /CM-CLUB/Public/IndexImg/arrowAct1.png.png
ERR: 无法加载模块:Public

[ 2016-01-28T16:14:54+08:00 ] ::1 /CM-CLUB/Public/IndexCss/__PUBLIC__/IndexImg/bgAct.png
ERR: 无法加载模块:Public

[ 2016-01-28T20:03:56+08:00 ] ::1 /CM-CLUB/Public/images/bg.jpg
ERR: 无法加载模块:Public

[ 2016-01-28T20:04:00+08:00 ] ::1 /CM-CLUB/Public/images/bg.jpg
ERR: 无法加载模块:Public

[ 2016-01-28T20:04:21+08:00 ] ::1 /CM-CLUB/Public/images/bg.jpg
ERR: 无法加载模块:Public

[ 2016-01-28T20:26:55+08:00 ] ::1 /CM-CLUB/Public/IndexImg/cluArrow1.png
ERR: 无法加载模块:Public

[ 2016-01-28T20:26:55+08:00 ] ::1 /CM-CLUB/Public/IndexImg/cluArrow2.png
ERR: 无法加载模块:Public

[ 2016-01-28T20:27:29+08:00 ] ::1 /CM-CLUB/Public/IndexImg/cluArrow1.png
ERR: 无法加载模块:Public

[ 2016-01-28T20:27:29+08:00 ] ::1 /CM-CLUB/Public/IndexImg/cluArrow2.png
ERR: 无法加载模块:Public

[ 2016-01-28T20:30:19+08:00 ] ::1 /CM-CLUB/Public/IndexImg/cluArrow1.png
ERR: 无法加载模块:Public

[ 2016-01-28T20:30:19+08:00 ] ::1 /CM-CLUB/Public/IndexImg/cluArrow2.png
ERR: 无法加载模块:Public

[ 2016-01-28T20:30:45+08:00 ] ::1 /CM-CLUB/Public/IndexImg/cluArrow1.png
ERR: 无法加载模块:Public

[ 2016-01-28T20:30:45+08:00 ] ::1 /CM-CLUB/Public/IndexImg/cluArrow2.png
ERR: 无法加载模块:Public

[ 2016-01-28T20:33:05+08:00 ] ::1 /CM-CLUB/Public/IndexImg/cluArrow1.png
ERR: 无法加载模块:Public

[ 2016-01-28T20:33:05+08:00 ] ::1 /CM-CLUB/Public/IndexImg/cluArrow2.png
ERR: 无法加载模块:Public

[ 2016-01-28T20:34:14+08:00 ] ::1 /CM-CLUB/Public/IndexImg/cluArrow2.png
ERR: 无法加载模块:Public

[ 2016-01-28T20:34:14+08:00 ] ::1 /CM-CLUB/Public/IndexImg/cluArrow1.png
ERR: 无法加载模块:Public

[ 2016-01-28T20:34:48+08:00 ] ::1 /CM-CLUB/Public/IndexImg/cluArrow1.png
ERR: 无法加载模块:Public

[ 2016-01-28T20:34:48+08:00 ] ::1 /CM-CLUB/Public/IndexImg/cluArrow2.png
ERR: 无法加载模块:Public

[ 2016-01-28T20:35:15+08:00 ] ::1 /CM-CLUB/Public/IndexImg/cluArrow1.png
ERR: 无法加载模块:Public

[ 2016-01-28T20:35:15+08:00 ] ::1 /CM-CLUB/Public/IndexImg/cluArrow2.png
ERR: 无法加载模块:Public

[ 2016-01-28T20:36:08+08:00 ] ::1 /CM-CLUB/Public/IndexImg/cluArrow1.png
ERR: 无法加载模块:Public

[ 2016-01-28T20:36:08+08:00 ] ::1 /CM-CLUB/Public/IndexImg/cluArrow2.png
ERR: 无法加载模块:Public

[ 2016-01-28T20:36:43+08:00 ] ::1 /CM-CLUB/Public/IndexImg/cluArrow1.png
ERR: 无法加载模块:Public

[ 2016-01-28T20:36:43+08:00 ] ::1 /CM-CLUB/Public/IndexImg/cluArrow2.png
ERR: 无法加载模块:Public

[ 2016-01-28T20:37:55+08:00 ] ::1 /CM-CLUB/Public/images/bg.jpg
ERR: 无法加载模块:Public

[ 2016-01-28T20:41:35+08:00 ] ::1 /CM-CLUB/Public/IndexImg/cluArrow2.png
ERR: 无法加载模块:Public

[ 2016-01-28T20:42:15+08:00 ] ::1 /CM-CLUB/Public/IndexImg/cluArrow2.png
ERR: 无法加载模块:Public

[ 2016-01-28T20:42:25+08:00 ] ::1 /CM-CLUB/Public/IndexImg/cluArrow2.png
ERR: 无法加载模块:Public

[ 2016-01-28T20:42:32+08:00 ] ::1 /CM-CLUB/Public/IndexImg/cluArrow2.png
ERR: 无法加载模块:Public

[ 2016-01-28T20:42:55+08:00 ] ::1 /CM-CLUB/Public/IndexImg/cluArrow2.png
ERR: 无法加载模块:Public

[ 2016-01-28T20:43:16+08:00 ] ::1 /CM-CLUB/Public/IndexImg/cluArrow2.png
ERR: 无法加载模块:Public

[ 2016-01-28T20:43:24+08:00 ] ::1 /CM-CLUB/Public/IndexImg/cluArrow2.png
ERR: 无法加载模块:Public

[ 2016-01-28T20:43:29+08:00 ] ::1 /CM-CLUB/Public/IndexImg/cluArrow2.png
ERR: 无法加载模块:Public

[ 2016-01-28T20:43:41+08:00 ] ::1 /CM-CLUB/Public/IndexImg/cluArrow2.png
ERR: 无法加载模块:Public

[ 2016-01-28T20:44:06+08:00 ] ::1 /CM-CLUB/Public/IndexImg/cluArrow2.png
ERR: 无法加载模块:Public

[ 2016-01-28T20:44:15+08:00 ] ::1 /CM-CLUB/Public/IndexImg/cluArrow2.png
ERR: 无法加载模块:Public

[ 2016-01-28T20:44:23+08:00 ] ::1 /CM-CLUB/Public/IndexImg/cluArrow2.png
ERR: 无法加载模块:Public

[ 2016-01-28T20:44:32+08:00 ] ::1 /CM-CLUB/Public/IndexImg/cluArrow2.png
ERR: 无法加载模块:Public

[ 2016-01-28T20:44:43+08:00 ] ::1 /CM-CLUB/Public/IndexImg/cluArrow2.png
ERR: 无法加载模块:Public

[ 2016-01-28T20:45:18+08:00 ] ::1 /CM-CLUB/Public/IndexImg/cluArrow2.png
ERR: 无法加载模块:Public

[ 2016-01-28T20:45:36+08:00 ] ::1 /CM-CLUB/Public/IndexImg/cluArrow2.png
ERR: 无法加载模块:Public

[ 2016-01-28T20:45:51+08:00 ] ::1 /CM-CLUB/Public/IndexImg/cluArrow2.png
ERR: 无法加载模块:Public

[ 2016-01-28T20:46:12+08:00 ] ::1 /CM-CLUB/Public/IndexImg/cluArrow2.png
ERR: 无法加载模块:Public

[ 2016-01-28T20:46:20+08:00 ] ::1 /CM-CLUB/Public/IndexImg/cluArrow2.png
ERR: 无法加载模块:Public

[ 2016-01-28T20:48:19+08:00 ] ::1 /CM-CLUB/Public/IndexImg/cluArrow2.png
ERR: 无法加载模块:Public

[ 2016-01-28T20:48:34+08:00 ] ::1 /CM-CLUB/Public/IndexImg/cluArrow2.png
ERR: 无法加载模块:Public

[ 2016-01-28T20:48:41+08:00 ] ::1 /CM-CLUB/Public/IndexImg/cluArrow2.png
ERR: 无法加载模块:Public

[ 2016-01-28T21:03:19+08:00 ] ::1 /CM-CLUB/Public/IndexImg/cluArrow2.png
ERR: 无法加载模块:Public

[ 2016-01-28T21:04:44+08:00 ] ::1 /CM-CLUB/Public/IndexImg/cluArrow2.png
ERR: 无法加载模块:Public

[ 2016-01-28T21:05:14+08:00 ] ::1 /CM-CLUB/Public/IndexImg/cluArrow2.png
ERR: 无法加载模块:Public

[ 2016-01-28T21:05:36+08:00 ] ::1 /CM-CLUB/Public/IndexImg/cluArrow2.png
ERR: 无法加载模块:Public

[ 2016-01-28T21:17:35+08:00 ] ::1 /CM-CLUB/Public/IndexImg/cluArrow2.png
ERR: 无法加载模块:Public

[ 2016-01-28T21:17:59+08:00 ] ::1 /CM-CLUB/Public/IndexImg/cluArrow2.png
ERR: 无法加载模块:Public

[ 2016-01-28T21:18:09+08:00 ] ::1 /CM-CLUB/Public/IndexImg/cluArrow2.png
ERR: 无法加载模块:Public

[ 2016-01-28T21:18:53+08:00 ] ::1 /CM-CLUB/Public/IndexImg/cluArrow2.png
ERR: 无法加载模块:Public

[ 2016-01-28T21:18:55+08:00 ] ::1 /CM-CLUB/Public/IndexImg/cluArrow2.png
ERR: 无法加载模块:Public

[ 2016-01-28T21:19:01+08:00 ] ::1 /CM-CLUB/Public/IndexImg/cluArrow2.png
ERR: 无法加载模块:Public

[ 2016-01-28T21:19:35+08:00 ] ::1 /CM-CLUB/Public/IndexImg/cluArrow2.png
ERR: 无法加载模块:Public

[ 2016-01-28T21:20:34+08:00 ] ::1 /CM-CLUB/Public/IndexImg/cluArrow2.png
ERR: 无法加载模块:Public

[ 2016-01-28T21:20:43+08:00 ] ::1 /CM-CLUB/Public/IndexImg/cluArrow2.png
ERR: 无法加载模块:Public

[ 2016-01-28T21:20:52+08:00 ] ::1 /CM-CLUB/Public/IndexImg/cluArrow2.png
ERR: 无法加载模块:Public

[ 2016-01-28T21:21:12+08:00 ] ::1 /CM-CLUB/Public/IndexImg/cluArrow2.png
ERR: 无法加载模块:Public

[ 2016-01-28T21:21:36+08:00 ] ::1 /CM-CLUB/Public/IndexImg/cluArrow2.png
ERR: 无法加载模块:Public

[ 2016-01-28T21:21:38+08:00 ] ::1 /CM-CLUB/Public/IndexImg/cluArrow2.png
ERR: 无法加载模块:Public

[ 2016-01-28T21:22:49+08:00 ] ::1 /CM-CLUB/Public/IndexImg/cluArrow2.png
ERR: 无法加载模块:Public

[ 2016-01-28T21:22:56+08:00 ] ::1 /CM-CLUB/Public/IndexImg/cluArrow2.png
ERR: 无法加载模块:Public

[ 2016-01-28T21:27:46+08:00 ] ::1 /CM-CLUB/Public/IndexImg/cluArrow2.png
ERR: 无法加载模块:Public

[ 2016-01-28T21:28:05+08:00 ] ::1 /CM-CLUB/Public/IndexImg/cluArrow2.png
ERR: 无法加载模块:Public

[ 2016-01-28T21:28:42+08:00 ] ::1 /CM-CLUB/Public/IndexImg/cluArrow2.png
ERR: 无法加载模块:Public

[ 2016-01-28T21:29:04+08:00 ] ::1 /CM-CLUB/Public/IndexImg/cluArrow2.png
ERR: 无法加载模块:Public

[ 2016-01-28T21:30:01+08:00 ] ::1 /CM-CLUB/Public/IndexImg/cluArrow2.png
ERR: 无法加载模块:Public

[ 2016-01-28T21:30:04+08:00 ] ::1 /CM-CLUB/Public/IndexImg/cluArrow2.png
ERR: 无法加载模块:Public

[ 2016-01-28T21:30:35+08:00 ] ::1 /CM-CLUB/Public/IndexImg/cluArrow2.png
ERR: 无法加载模块:Public

[ 2016-01-28T21:31:24+08:00 ] ::1 /CM-CLUB/Public/IndexImg/cluArrow2.png
ERR: 无法加载模块:Public

[ 2016-01-28T21:31:41+08:00 ] ::1 /CM-CLUB/Public/IndexImg/cluArrow2.png
ERR: 无法加载模块:Public

[ 2016-01-28T21:33:13+08:00 ] ::1 /CM-CLUB/Public/IndexImg/cluArrow2.png
ERR: 无法加载模块:Public

[ 2016-01-28T21:33:34+08:00 ] ::1 /CM-CLUB/Public/IndexImg/cluArrow2.png
ERR: 无法加载模块:Public

[ 2016-01-28T21:33:52+08:00 ] ::1 /CM-CLUB/Public/IndexImg/cluArrow2.png
ERR: 无法加载模块:Public

[ 2016-01-28T21:34:02+08:00 ] ::1 /CM-CLUB/Public/IndexImg/cluArrow2.png
ERR: 无法加载模块:Public

[ 2016-01-28T21:34:09+08:00 ] ::1 /CM-CLUB/Public/IndexImg/cluArrow2.png
ERR: 无法加载模块:Public

[ 2016-01-28T21:34:15+08:00 ] ::1 /CM-CLUB/Public/IndexImg/cluArrow2.png
ERR: 无法加载模块:Public

[ 2016-01-28T21:34:22+08:00 ] ::1 /CM-CLUB/Public/IndexImg/cluArrow2.png
ERR: 无法加载模块:Public

[ 2016-01-28T21:34:28+08:00 ] ::1 /CM-CLUB/Public/IndexImg/cluArrow2.png
ERR: 无法加载模块:Public

[ 2016-01-28T21:34:52+08:00 ] ::1 /CM-CLUB/Public/IndexImg/cluArrow2.png
ERR: 无法加载模块:Public

[ 2016-01-28T21:35:15+08:00 ] ::1 /CM-CLUB/Public/IndexImg/cluArrow2.png
ERR: 无法加载模块:Public

[ 2016-01-28T21:35:50+08:00 ] ::1 /CM-CLUB/Public/IndexImg/cluArrow2.png
ERR: 无法加载模块:Public

[ 2016-01-28T21:36:03+08:00 ] ::1 /CM-CLUB/Public/IndexImg/cluArrow2.png
ERR: 无法加载模块:Public

